TN:
SF:/usr/include/c++/11/bits/char_traits.h
FN:106,_ZN9__gnu_cxx11char_traitsIcE2eqERKcS3_
FNDA:0,_ZN9__gnu_cxx11char_traitsIcE2eqERKcS3_
FN:167,_ZN9__gnu_cxx11char_traitsIcE6lengthEPKc
FNDA:0,_ZN9__gnu_cxx11char_traitsIcE6lengthEPKc
FN:190,_ZN9__gnu_cxx11char_traitsIcE4moveEPcPKcm
FNDA:0,_ZN9__gnu_cxx11char_traitsIcE4moveEPcPKcm
FN:240,_ZN9__gnu_cxx11char_traitsIcE4copyEPcPKcm
FNDA:0,_ZN9__gnu_cxx11char_traitsIcE4copyEPcPKcm
FN:356,_ZNSt11char_traitsIcE6assignERcRKc
FNDA:33119,_ZNSt11char_traitsIcE6assignERcRKc
FN:393,_ZNSt11char_traitsIcE6lengthEPKc
FNDA:14656,_ZNSt11char_traitsIcE6lengthEPKc
FN:417,_ZNSt11char_traitsIcE4moveEPcPKcm
FNDA:3,_ZNSt11char_traitsIcE4moveEPcPKcm
FN:429,_ZNSt11char_traitsIcE4copyEPcPKcm
FNDA:24508,_ZNSt11char_traitsIcE4copyEPcPKcm
DA:106,0
DA:107,0
DA:167,0
DA:170,0
DA:171,0
DA:172,0
DA:173,0
DA:190,0
DA:193,0
DA:194,0
DA:196,0
DA:198,0
DA:199,0
DA:203,0
DA:204,0
DA:205,0
DA:206,0
DA:230,0
DA:233,0
DA:234,0
DA:240,0
DA:244,0
DA:245,0
DA:290,14656
DA:356,33119
DA:357,33119
DA:393,14656
DA:396,14656
DA:397,0
DA:399,14656
DA:417,3
DA:419,3
DA:420,0
DA:422,3
DA:423,0
DA:425,3
DA:429,24508
DA:431,24508
DA:432,385
DA:434,24123
DA:435,0
DA:437,24123
end_of_record
SF:/usr/include/c++/11/bits/allocator.h
FN:156,_ZNSaISt10unique_ptrI14BaseControllerSt14default_deleteIS0_EEEC2Ev
FNDA:69,_ZNSaISt10unique_ptrI14BaseControllerSt14default_deleteIS0_EEEC2Ev
FN:156,_ZNSaISt13_Rb_tree_nodeISt4pairIKPKN5boost6system14error_categoryESt10unique_ptrINS2_6detail12std_categoryESt14default_deleteIS9_EEEEEC2Ev
FNDA:0,_ZNSaISt13_Rb_tree_nodeISt4pairIKPKN5boost6system14error_categoryESt10unique_ptrINS2_6detail12std_categoryESt14default_deleteIS9_EEEEEC2Ev
FN:174,_ZNSaISt10unique_ptrI14BaseControllerSt14default_deleteIS0_EEED2Ev
FNDA:67,_ZNSaISt10unique_ptrI14BaseControllerSt14default_deleteIS0_EEED2Ev
FN:174,_ZNSaISt13_Rb_tree_nodeISt4pairIKPKN5boost6system14error_categoryESt10unique_ptrINS2_6detail12std_categoryESt14default_deleteIS9_EEEEED2Ev
FNDA:0,_ZNSaISt13_Rb_tree_nodeISt4pairIKPKN5boost6system14error_categoryESt10unique_ptrINS2_6detail12std_categoryESt14default_deleteIS9_EEEEED2Ev
DA:156,69
DA:156,0
DA:174,67
DA:174,0
DA:182,15054
DA:183,0
DA:185,15054
DA:193,7729
DA:195,0
DA:196,0
DA:199,7729
end_of_record
SF:/usr/include/c++/11/bits/unique_ptr.h
FN:75,_ZNSt14default_deleteI14BaseControllerEC2I18MetadataControllervEERKS_IT_E
FNDA:69,_ZNSt14default_deleteI14BaseControllerEC2I18MetadataControllervEERKS_IT_E
FN:75,_ZNSt14default_deleteI14BaseControllerEC2I26DetailedPlaylistControllervEERKS_IT_E
FNDA:69,_ZNSt14default_deleteI14BaseControllerEC2I26DetailedPlaylistControllervEERKS_IT_E
FN:75,_ZNSt14default_deleteI14BaseControllerEC2I22PlayingMediaControllervEERKS_IT_E
FNDA:69,_ZNSt14default_deleteI14BaseControllerEC2I22PlayingMediaControllervEERKS_IT_E
FN:75,_ZNSt14default_deleteI14BaseControllerEC2I19MediaFileControllervEERKS_IT_E
FNDA:69,_ZNSt14default_deleteI14BaseControllerEC2I19MediaFileControllervEERKS_IT_E
FN:75,_ZNSt14default_deleteI14BaseControllerEC2I18PlaylistControllervEERKS_IT_E
FNDA:69,_ZNSt14default_deleteI14BaseControllerEC2I18PlaylistControllervEERKS_IT_E
FN:75,_ZNSt14default_deleteI14BaseControllerEC2I21ScanfOptionControllervEERKS_IT_E
FNDA:69,_ZNSt14default_deleteI14BaseControllerEC2I21ScanfOptionControllervEERKS_IT_E
FN:75,_ZNSt14default_deleteI14BaseControllerEC2I18MainMenuControllervEERKS_IT_E
FNDA:69,_ZNSt14default_deleteI14BaseControllerEC2I18MainMenuControllervEERKS_IT_E
FN:75,_ZNSt14default_deleteI14BaseControllerEC2I18HardwareControllervEERKS_IT_E
FNDA:69,_ZNSt14default_deleteI14BaseControllerEC2I18HardwareControllervEERKS_IT_E
FN:79,_ZNKSt14default_deleteI18MainMenuControllerEclEPS0_
FNDA:1,_ZNKSt14default_deleteI18MainMenuControllerEclEPS0_
FN:79,_ZNKSt14default_deleteI18MetadataControllerEclEPS0_
FNDA:6,_ZNKSt14default_deleteI18MetadataControllerEclEPS0_
FN:79,_ZNKSt14default_deleteI14BaseControllerEclEPS0_
FNDA:536,_ZNKSt14default_deleteI14BaseControllerEclEPS0_
FN:79,_ZNKSt14default_deleteI21ScanfOptionControllerEclEPS0_
FNDA:15,_ZNKSt14default_deleteI21ScanfOptionControllerEclEPS0_
FN:79,_ZNKSt14default_deleteI18PlaylistControllerEclEPS0_
FNDA:4,_ZNKSt14default_deleteI18PlaylistControllerEclEPS0_
FN:79,_ZNKSt14default_deleteI19MediaFileControllerEclEPS0_
FNDA:18,_ZNKSt14default_deleteI19MediaFileControllerEclEPS0_
FN:79,_ZNKSt14default_deleteI22PlayingMediaControllerEclEPS0_
FNDA:15,_ZNKSt14default_deleteI22PlayingMediaControllerEclEPS0_
FN:79,_ZNKSt14default_deleteI18HardwareControllerEclEPS0_
FNDA:10,_ZNKSt14default_deleteI18HardwareControllerEclEPS0_
FN:79,_ZNKSt14default_deleteI26DetailedPlaylistControllerEclEPS0_
FNDA:7,_ZNKSt14default_deleteI26DetailedPlaylistControllerEclEPS0_
FN:79,_ZNKSt14default_deleteIN5boost6system6detail12std_categoryEEclEPS3_
FNDA:0,_ZNKSt14default_deleteIN5boost6system6detail12std_categoryEEclEPS3_
FN:154,_ZNSt15__uniq_ptr_implI14BaseControllerSt14default_deleteIS0_EEC2Ev
FNDA:0,_ZNSt15__uniq_ptr_implI14BaseControllerSt14default_deleteIS0_EEC2Ev
FN:155,_ZNSt15__uniq_ptr_implI26DetailedPlaylistControllerSt14default_deleteIS0_EEC2EPS0_
FNDA:76,_ZNSt15__uniq_ptr_implI26DetailedPlaylistControllerSt14default_deleteIS0_EEC2EPS0_
FN:155,_ZNSt15__uniq_ptr_implI18MainMenuControllerSt14default_deleteIS0_EEC2EPS0_
FNDA:70,_ZNSt15__uniq_ptr_implI18MainMenuControllerSt14default_deleteIS0_EEC2EPS0_
FN:155,_ZNSt15__uniq_ptr_implI18HardwareControllerSt14default_deleteIS0_EEC2EPS0_
FNDA:79,_ZNSt15__uniq_ptr_implI18HardwareControllerSt14default_deleteIS0_EEC2EPS0_
FN:155,_ZNSt15__uniq_ptr_implIN5boost6system6detail12std_categoryESt14default_deleteIS3_EEC2EPS3_
FNDA:0,_ZNSt15__uniq_ptr_implIN5boost6system6detail12std_categoryESt14default_deleteIS3_EEC2EPS3_
FN:155,_ZNSt15__uniq_ptr_implI21ScanfOptionControllerSt14default_deleteIS0_EEC2EPS0_
FNDA:84,_ZNSt15__uniq_ptr_implI21ScanfOptionControllerSt14default_deleteIS0_EEC2EPS0_
FN:155,_ZNSt15__uniq_ptr_implI18MetadataControllerSt14default_deleteIS0_EEC2EPS0_
FNDA:75,_ZNSt15__uniq_ptr_implI18MetadataControllerSt14default_deleteIS0_EEC2EPS0_
FN:155,_ZNSt15__uniq_ptr_implI18PlaylistControllerSt14default_deleteIS0_EEC2EPS0_
FNDA:73,_ZNSt15__uniq_ptr_implI18PlaylistControllerSt14default_deleteIS0_EEC2EPS0_
FN:155,_ZNSt15__uniq_ptr_implI19MediaFileControllerSt14default_deleteIS0_EEC2EPS0_
FNDA:87,_ZNSt15__uniq_ptr_implI19MediaFileControllerSt14default_deleteIS0_EEC2EPS0_
FN:155,_ZNSt15__uniq_ptr_implI22PlayingMediaControllerSt14default_deleteIS0_EEC2EPS0_
FNDA:84,_ZNSt15__uniq_ptr_implI22PlayingMediaControllerSt14default_deleteIS0_EEC2EPS0_
FN:158,_ZNSt15__uniq_ptr_implI14BaseControllerSt14default_deleteIS0_EEC2IS1_I18MetadataControllerEEEPS0_OT_
FNDA:69,_ZNSt15__uniq_ptr_implI14BaseControllerSt14default_deleteIS0_EEC2IS1_I18MetadataControllerEEEPS0_OT_
FN:158,_ZNSt15__uniq_ptr_implI14BaseControllerSt14default_deleteIS0_EEC2IS1_I21ScanfOptionControllerEEEPS0_OT_
FNDA:69,_ZNSt15__uniq_ptr_implI14BaseControllerSt14default_deleteIS0_EEC2IS1_I21ScanfOptionControllerEEEPS0_OT_
FN:158,_ZNSt15__uniq_ptr_implI14BaseControllerSt14default_deleteIS0_EEC2IS1_I26DetailedPlaylistControllerEEEPS0_OT_
FNDA:69,_ZNSt15__uniq_ptr_implI14BaseControllerSt14default_deleteIS0_EEC2IS1_I26DetailedPlaylistControllerEEEPS0_OT_
FN:158,_ZNSt15__uniq_ptr_implI14BaseControllerSt14default_deleteIS0_EEC2IS1_I18PlaylistControllerEEEPS0_OT_
FNDA:69,_ZNSt15__uniq_ptr_implI14BaseControllerSt14default_deleteIS0_EEC2IS1_I18PlaylistControllerEEEPS0_OT_
FN:158,_ZNSt15__uniq_ptr_implI14BaseControllerSt14default_deleteIS0_EEC2IS1_I18MainMenuControllerEEEPS0_OT_
FNDA:69,_ZNSt15__uniq_ptr_implI14BaseControllerSt14default_deleteIS0_EEC2IS1_I18MainMenuControllerEEEPS0_OT_
FN:158,_ZNSt15__uniq_ptr_implI14BaseControllerSt14default_deleteIS0_EEC2IS1_I19MediaFileControllerEEEPS0_OT_
FNDA:69,_ZNSt15__uniq_ptr_implI14BaseControllerSt14default_deleteIS0_EEC2IS1_I19MediaFileControllerEEEPS0_OT_
FN:158,_ZNSt15__uniq_ptr_implI14BaseControllerSt14default_deleteIS0_EEC2IS1_I18HardwareControllerEEEPS0_OT_
FNDA:69,_ZNSt15__uniq_ptr_implI14BaseControllerSt14default_deleteIS0_EEC2IS1_I18HardwareControllerEEEPS0_OT_
FN:158,_ZNSt15__uniq_ptr_implI14BaseControllerSt14default_deleteIS0_EEC2IS1_I22PlayingMediaControllerEEEPS0_OT_
FNDA:69,_ZNSt15__uniq_ptr_implI14BaseControllerSt14default_deleteIS0_EEC2IS1_I22PlayingMediaControllerEEEPS0_OT_
FN:161,_ZNSt15__uniq_ptr_implI14BaseControllerSt14default_deleteIS0_EEC2EOS3_
FNDA:1035,_ZNSt15__uniq_ptr_implI14BaseControllerSt14default_deleteIS0_EEC2EOS3_
FN:161,_ZNSt15__uniq_ptr_implIN5boost6system6detail12std_categoryESt14default_deleteIS3_EEC2EOS6_
FNDA:0,_ZNSt15__uniq_ptr_implIN5boost6system6detail12std_categoryESt14default_deleteIS3_EEC2EOS6_
FN:172,_ZNSt15__uniq_ptr_implI18MetadataControllerSt14default_deleteIS0_EE6_M_ptrEv
FNDA:318,_ZNSt15__uniq_ptr_implI18MetadataControllerSt14default_deleteIS0_EE6_M_ptrEv
FN:172,_ZNSt15__uniq_ptr_implI26DetailedPlaylistControllerSt14default_deleteIS0_EE6_M_ptrEv
FNDA:325,_ZNSt15__uniq_ptr_implI26DetailedPlaylistControllerSt14default_deleteIS0_EE6_M_ptrEv
FN:172,_ZNSt15__uniq_ptr_implI19MediaFileControllerSt14default_deleteIS0_EE6_M_ptrEv
FNDA:393,_ZNSt15__uniq_ptr_implI19MediaFileControllerSt14default_deleteIS0_EE6_M_ptrEv
FN:172,_ZNSt15__uniq_ptr_implINSt10filesystem7__cxx114path5_List5_ImplENS3_13_Impl_deleterEE6_M_ptrEv
FNDA:324,_ZNSt15__uniq_ptr_implINSt10filesystem7__cxx114path5_List5_ImplENS3_13_Impl_deleterEE6_M_ptrEv
FN:172,_ZNSt15__uniq_ptr_implI22PlayingMediaControllerSt14default_deleteIS0_EE6_M_ptrEv
FNDA:381,_ZNSt15__uniq_ptr_implI22PlayingMediaControllerSt14default_deleteIS0_EE6_M_ptrEv
FN:172,_ZNSt15__uniq_ptr_implIN5boost6system6detail12std_categoryESt14default_deleteIS3_EE6_M_ptrEv
FNDA:0,_ZNSt15__uniq_ptr_implIN5boost6system6detail12std_categoryESt14default_deleteIS3_EE6_M_ptrEv
FN:172,_ZNSt15__uniq_ptr_implI18PlaylistControllerSt14default_deleteIS0_EE6_M_ptrEv
FNDA:304,_ZNSt15__uniq_ptr_implI18PlaylistControllerSt14default_deleteIS0_EE6_M_ptrEv
FN:172,_ZNSt15__uniq_ptr_implI21ScanfOptionControllerSt14default_deleteIS0_EE6_M_ptrEv
FNDA:381,_ZNSt15__uniq_ptr_implI21ScanfOptionControllerSt14default_deleteIS0_EE6_M_ptrEv
FN:172,_ZNSt15__uniq_ptr_implI14BaseControllerSt14default_deleteIS0_EE6_M_ptrEv
FNDA:2606,_ZNSt15__uniq_ptr_implI14BaseControllerSt14default_deleteIS0_EE6_M_ptrEv
FN:172,_ZNSt15__uniq_ptr_implI18MainMenuControllerSt14default_deleteIS0_EE6_M_ptrEv
FNDA:283,_ZNSt15__uniq_ptr_implI18MainMenuControllerSt14default_deleteIS0_EE6_M_ptrEv
FN:172,_ZNSt15__uniq_ptr_implI18HardwareControllerSt14default_deleteIS0_EE6_M_ptrEv
FNDA:346,_ZNSt15__uniq_ptr_implI18HardwareControllerSt14default_deleteIS0_EE6_M_ptrEv
FN:173,_ZNKSt15__uniq_ptr_implIN5boost6system6detail12std_categoryESt14default_deleteIS3_EE6_M_ptrEv
FNDA:0,_ZNKSt15__uniq_ptr_implIN5boost6system6detail12std_categoryESt14default_deleteIS3_EE6_M_ptrEv
FN:173,_ZNKSt15__uniq_ptr_implI14BaseControllerSt14default_deleteIS0_EE6_M_ptrEv
FNDA:16,_ZNKSt15__uniq_ptr_implI14BaseControllerSt14default_deleteIS0_EE6_M_ptrEv
FN:174,_ZNSt15__uniq_ptr_implI18HardwareControllerSt14default_deleteIS0_EE10_M_deleterEv
FNDA:99,_ZNSt15__uniq_ptr_implI18HardwareControllerSt14default_deleteIS0_EE10_M_deleterEv
FN:174,_ZNSt15__uniq_ptr_implI14BaseControllerSt14default_deleteIS0_EE10_M_deleterEv
FNDA:536,_ZNSt15__uniq_ptr_implI14BaseControllerSt14default_deleteIS0_EE10_M_deleterEv
FN:174,_ZNSt15__uniq_ptr_implI21ScanfOptionControllerSt14default_deleteIS0_EE10_M_deleterEv
FNDA:114,_ZNSt15__uniq_ptr_implI21ScanfOptionControllerSt14default_deleteIS0_EE10_M_deleterEv
FN:174,_ZNSt15__uniq_ptr_implI18MainMenuControllerSt14default_deleteIS0_EE10_M_deleterEv
FNDA:72,_ZNSt15__uniq_ptr_implI18MainMenuControllerSt14default_deleteIS0_EE10_M_deleterEv
FN:174,_ZNSt15__uniq_ptr_implI18PlaylistControllerSt14default_deleteIS0_EE10_M_deleterEv
FNDA:81,_ZNSt15__uniq_ptr_implI18PlaylistControllerSt14default_deleteIS0_EE10_M_deleterEv
FN:174,_ZNSt15__uniq_ptr_implIN5boost6system6detail12std_categoryESt14default_deleteIS3_EE10_M_deleterEv
FNDA:0,_ZNSt15__uniq_ptr_implIN5boost6system6detail12std_categoryESt14default_deleteIS3_EE10_M_deleterEv
FN:174,_ZNSt15__uniq_ptr_implI19MediaFileControllerSt14default_deleteIS0_EE10_M_deleterEv
FNDA:123,_ZNSt15__uniq_ptr_implI19MediaFileControllerSt14default_deleteIS0_EE10_M_deleterEv
FN:174,_ZNSt15__uniq_ptr_implI22PlayingMediaControllerSt14default_deleteIS0_EE10_M_deleterEv
FNDA:114,_ZNSt15__uniq_ptr_implI22PlayingMediaControllerSt14default_deleteIS0_EE10_M_deleterEv
FN:174,_ZNSt15__uniq_ptr_implI26DetailedPlaylistControllerSt14default_deleteIS0_EE10_M_deleterEv
FNDA:90,_ZNSt15__uniq_ptr_implI26DetailedPlaylistControllerSt14default_deleteIS0_EE10_M_deleterEv
FN:174,_ZNSt15__uniq_ptr_implI18MetadataControllerSt14default_deleteIS0_EE10_M_deleterEv
FNDA:87,_ZNSt15__uniq_ptr_implI18MetadataControllerSt14default_deleteIS0_EE10_M_deleterEv
FN:174,_ZNSt15__uniq_ptr_implINSt10filesystem7__cxx114path5_List5_ImplENS3_13_Impl_deleterEE10_M_deleterEv
FNDA:324,_ZNSt15__uniq_ptr_implINSt10filesystem7__cxx114path5_List5_ImplENS3_13_Impl_deleterEE10_M_deleterEv
FN:185,_ZNSt15__uniq_ptr_implI19MediaFileControllerSt14default_deleteIS0_EE7releaseEv
FNDA:87,_ZNSt15__uniq_ptr_implI19MediaFileControllerSt14default_deleteIS0_EE7releaseEv
FN:185,_ZNSt15__uniq_ptr_implI22PlayingMediaControllerSt14default_deleteIS0_EE7releaseEv
FNDA:84,_ZNSt15__uniq_ptr_implI22PlayingMediaControllerSt14default_deleteIS0_EE7releaseEv
FN:185,_ZNSt15__uniq_ptr_implI18PlaylistControllerSt14default_deleteIS0_EE7releaseEv
FNDA:73,_ZNSt15__uniq_ptr_implI18PlaylistControllerSt14default_deleteIS0_EE7releaseEv
FN:185,_ZNSt15__uniq_ptr_implI26DetailedPlaylistControllerSt14default_deleteIS0_EE7releaseEv
FNDA:76,_ZNSt15__uniq_ptr_implI26DetailedPlaylistControllerSt14default_deleteIS0_EE7releaseEv
FN:185,_ZNSt15__uniq_ptr_implI18MetadataControllerSt14default_deleteIS0_EE7releaseEv
FNDA:75,_ZNSt15__uniq_ptr_implI18MetadataControllerSt14default_deleteIS0_EE7releaseEv
FN:185,_ZNSt15__uniq_ptr_implI21ScanfOptionControllerSt14default_deleteIS0_EE7releaseEv
FNDA:84,_ZNSt15__uniq_ptr_implI21ScanfOptionControllerSt14default_deleteIS0_EE7releaseEv
FN:185,_ZNSt15__uniq_ptr_implI18HardwareControllerSt14default_deleteIS0_EE7releaseEv
FNDA:79,_ZNSt15__uniq_ptr_implI18HardwareControllerSt14default_deleteIS0_EE7releaseEv
FN:185,_ZNSt15__uniq_ptr_implI18MainMenuControllerSt14default_deleteIS0_EE7releaseEv
FNDA:70,_ZNSt15__uniq_ptr_implI18MainMenuControllerSt14default_deleteIS0_EE7releaseEv
FN:211,_ZNSt15__uniq_ptr_dataIN5boost6system6detail12std_categoryESt14default_deleteIS3_ELb1ELb1EEC2EOS6_
FNDA:0,_ZNSt15__uniq_ptr_dataIN5boost6system6detail12std_categoryESt14default_deleteIS3_ELb1ELb1EEC2EOS6_
FN:211,_ZNSt15__uniq_ptr_dataI14BaseControllerSt14default_deleteIS0_ELb1ELb1EEC2EOS3_
FNDA:1035,_ZNSt15__uniq_ptr_dataI14BaseControllerSt14default_deleteIS0_ELb1ELb1EEC2EOS3_
FN:281,_ZNSt10unique_ptrI22PlayingMediaControllerSt14default_deleteIS0_EEC2IS2_vEEPS0_
FNDA:84,_ZNSt10unique_ptrI22PlayingMediaControllerSt14default_deleteIS0_EEC2IS2_vEEPS0_
FN:281,_ZNSt10unique_ptrI18MainMenuControllerSt14default_deleteIS0_EEC2IS2_vEEPS0_
FNDA:70,_ZNSt10unique_ptrI18MainMenuControllerSt14default_deleteIS0_EEC2IS2_vEEPS0_
FN:281,_ZNSt10unique_ptrI26DetailedPlaylistControllerSt14default_deleteIS0_EEC2IS2_vEEPS0_
FNDA:76,_ZNSt10unique_ptrI26DetailedPlaylistControllerSt14default_deleteIS0_EEC2IS2_vEEPS0_
FN:281,_ZNSt10unique_ptrI19MediaFileControllerSt14default_deleteIS0_EEC2IS2_vEEPS0_
FNDA:87,_ZNSt10unique_ptrI19MediaFileControllerSt14default_deleteIS0_EEC2IS2_vEEPS0_
FN:281,_ZNSt10unique_ptrIN5boost6system6detail12std_categoryESt14default_deleteIS3_EEC2IS5_vEEPS3_
FNDA:0,_ZNSt10unique_ptrIN5boost6system6detail12std_categoryESt14default_deleteIS3_EEC2IS5_vEEPS3_
FN:281,_ZNSt10unique_ptrI18MetadataControllerSt14default_deleteIS0_EEC2IS2_vEEPS0_
FNDA:75,_ZNSt10unique_ptrI18MetadataControllerSt14default_deleteIS0_EEC2IS2_vEEPS0_
FN:281,_ZNSt10unique_ptrI21ScanfOptionControllerSt14default_deleteIS0_EEC2IS2_vEEPS0_
FNDA:84,_ZNSt10unique_ptrI21ScanfOptionControllerSt14default_deleteIS0_EEC2IS2_vEEPS0_
FN:281,_ZNSt10unique_ptrI18PlaylistControllerSt14default_deleteIS0_EEC2IS2_vEEPS0_
FNDA:73,_ZNSt10unique_ptrI18PlaylistControllerSt14default_deleteIS0_EEC2IS2_vEEPS0_
FN:281,_ZNSt10unique_ptrI18HardwareControllerSt14default_deleteIS0_EEC2IS2_vEEPS0_
FNDA:79,_ZNSt10unique_ptrI18HardwareControllerSt14default_deleteIS0_EEC2IS2_vEEPS0_
FN:320,_ZNSt10unique_ptrI14BaseControllerSt14default_deleteIS0_EEC2IS2_vEEDn
FNDA:0,_ZNSt10unique_ptrI14BaseControllerSt14default_deleteIS0_EEC2IS2_vEEDn
FN:327,_ZNSt10unique_ptrI14BaseControllerSt14default_deleteIS0_EEC2EOS3_
FNDA:1035,_ZNSt10unique_ptrI14BaseControllerSt14default_deleteIS0_EEC2EOS3_
FN:327,_ZNSt10unique_ptrIN5boost6system6detail12std_categoryESt14default_deleteIS3_EEC2EOS6_
FNDA:0,_ZNSt10unique_ptrIN5boost6system6detail12std_categoryESt14default_deleteIS3_EEC2EOS6_
FN:340,_ZNSt10unique_ptrI14BaseControllerSt14default_deleteIS0_EEC2I18HardwareControllerS1_IS5_EvEEOS_IT_T0_E
FNDA:69,_ZNSt10unique_ptrI14BaseControllerSt14default_deleteIS0_EEC2I18HardwareControllerS1_IS5_EvEEOS_IT_T0_E
FN:340,_ZNSt10unique_ptrI14BaseControllerSt14default_deleteIS0_EEC2I19MediaFileControllerS1_IS5_EvEEOS_IT_T0_E
FNDA:69,_ZNSt10unique_ptrI14BaseControllerSt14default_deleteIS0_EEC2I19MediaFileControllerS1_IS5_EvEEOS_IT_T0_E
FN:340,_ZNSt10unique_ptrI14BaseControllerSt14default_deleteIS0_EEC2I21ScanfOptionControllerS1_IS5_EvEEOS_IT_T0_E
FNDA:69,_ZNSt10unique_ptrI14BaseControllerSt14default_deleteIS0_EEC2I21ScanfOptionControllerS1_IS5_EvEEOS_IT_T0_E
FN:340,_ZNSt10unique_ptrI14BaseControllerSt14default_deleteIS0_EEC2I18MainMenuControllerS1_IS5_EvEEOS_IT_T0_E
FNDA:69,_ZNSt10unique_ptrI14BaseControllerSt14default_deleteIS0_EEC2I18MainMenuControllerS1_IS5_EvEEOS_IT_T0_E
FN:340,_ZNSt10unique_ptrI14BaseControllerSt14default_deleteIS0_EEC2I22PlayingMediaControllerS1_IS5_EvEEOS_IT_T0_E
FNDA:69,_ZNSt10unique_ptrI14BaseControllerSt14default_deleteIS0_EEC2I22PlayingMediaControllerS1_IS5_EvEEOS_IT_T0_E
FN:340,_ZNSt10unique_ptrI14BaseControllerSt14default_deleteIS0_EEC2I18MetadataControllerS1_IS5_EvEEOS_IT_T0_E
FNDA:69,_ZNSt10unique_ptrI14BaseControllerSt14default_deleteIS0_EEC2I18MetadataControllerS1_IS5_EvEEOS_IT_T0_E
FN:340,_ZNSt10unique_ptrI14BaseControllerSt14default_deleteIS0_EEC2I18PlaylistControllerS1_IS5_EvEEOS_IT_T0_E
FNDA:69,_ZNSt10unique_ptrI14BaseControllerSt14default_deleteIS0_EEC2I18PlaylistControllerS1_IS5_EvEEOS_IT_T0_E
FN:340,_ZNSt10unique_ptrI14BaseControllerSt14default_deleteIS0_EEC2I26DetailedPlaylistControllerS1_IS5_EvEEOS_IT_T0_E
FNDA:69,_ZNSt10unique_ptrI14BaseControllerSt14default_deleteIS0_EEC2I26DetailedPlaylistControllerS1_IS5_EvEEOS_IT_T0_E
FN:355,_ZNSt10unique_ptrI18HardwareControllerSt14default_deleteIS0_EED2Ev
FNDA:89,_ZNSt10unique_ptrI18HardwareControllerSt14default_deleteIS0_EED2Ev
FN:355,_ZNSt10unique_ptrI18MainMenuControllerSt14default_deleteIS0_EED2Ev
FNDA:71,_ZNSt10unique_ptrI18MainMenuControllerSt14default_deleteIS0_EED2Ev
FN:355,_ZNSt10unique_ptrINSt10filesystem7__cxx114path5_List5_ImplENS3_13_Impl_deleterEED2Ev
FNDA:324,_ZNSt10unique_ptrINSt10filesystem7__cxx114path5_List5_ImplENS3_13_Impl_deleterEED2Ev
FN:355,_ZNSt10unique_ptrIN5boost6system6detail12std_categoryESt14default_deleteIS3_EED2Ev
FNDA:0,_ZNSt10unique_ptrIN5boost6system6detail12std_categoryESt14default_deleteIS3_EED2Ev
FN:355,_ZNSt10unique_ptrI18MetadataControllerSt14default_deleteIS0_EED2Ev
FNDA:81,_ZNSt10unique_ptrI18MetadataControllerSt14default_deleteIS0_EED2Ev
FN:355,_ZNSt10unique_ptrI26DetailedPlaylistControllerSt14default_deleteIS0_EED2Ev
FNDA:83,_ZNSt10unique_ptrI26DetailedPlaylistControllerSt14default_deleteIS0_EED2Ev
FN:355,_ZNSt10unique_ptrI14BaseControllerSt14default_deleteIS0_EED2Ev
FNDA:1571,_ZNSt10unique_ptrI14BaseControllerSt14default_deleteIS0_EED2Ev
FN:355,_ZNSt10unique_ptrI22PlayingMediaControllerSt14default_deleteIS0_EED2Ev
FNDA:99,_ZNSt10unique_ptrI22PlayingMediaControllerSt14default_deleteIS0_EED2Ev
FN:355,_ZNSt10unique_ptrI21ScanfOptionControllerSt14default_deleteIS0_EED2Ev
FNDA:99,_ZNSt10unique_ptrI21ScanfOptionControllerSt14default_deleteIS0_EED2Ev
FN:355,_ZNSt10unique_ptrI19MediaFileControllerSt14default_deleteIS0_EED2Ev
FNDA:96,_ZNSt10unique_ptrI19MediaFileControllerSt14default_deleteIS0_EED2Ev
FN:355,_ZNSt10unique_ptrI18PlaylistControllerSt14default_deleteIS0_EED2Ev
FNDA:77,_ZNSt10unique_ptrI18PlaylistControllerSt14default_deleteIS0_EED2Ev
FN:405,_ZNKSt10unique_ptrIN5boost6system6detail12std_categoryESt14default_deleteIS3_EEdeEv
FNDA:0,_ZNKSt10unique_ptrIN5boost6system6detail12std_categoryESt14default_deleteIS3_EEdeEv
FN:421,_ZNKSt10unique_ptrIN5boost6system6detail12std_categoryESt14default_deleteIS3_EE3getEv
FNDA:0,_ZNKSt10unique_ptrIN5boost6system6detail12std_categoryESt14default_deleteIS3_EE3getEv
FN:421,_ZNKSt10unique_ptrI14BaseControllerSt14default_deleteIS0_EE3getEv
FNDA:16,_ZNKSt10unique_ptrI14BaseControllerSt14default_deleteIS0_EE3getEv
FN:426,_ZNSt10unique_ptrI18PlaylistControllerSt14default_deleteIS0_EE11get_deleterEv
FNDA:73,_ZNSt10unique_ptrI18PlaylistControllerSt14default_deleteIS0_EE11get_deleterEv
FN:426,_ZNSt10unique_ptrI18MetadataControllerSt14default_deleteIS0_EE11get_deleterEv
FNDA:75,_ZNSt10unique_ptrI18MetadataControllerSt14default_deleteIS0_EE11get_deleterEv
FN:426,_ZNSt10unique_ptrI26DetailedPlaylistControllerSt14default_deleteIS0_EE11get_deleterEv
FNDA:76,_ZNSt10unique_ptrI26DetailedPlaylistControllerSt14default_deleteIS0_EE11get_deleterEv
FN:426,_ZNSt10unique_ptrI18HardwareControllerSt14default_deleteIS0_EE11get_deleterEv
FNDA:79,_ZNSt10unique_ptrI18HardwareControllerSt14default_deleteIS0_EE11get_deleterEv
FN:426,_ZNSt10unique_ptrI22PlayingMediaControllerSt14default_deleteIS0_EE11get_deleterEv
FNDA:84,_ZNSt10unique_ptrI22PlayingMediaControllerSt14default_deleteIS0_EE11get_deleterEv
FN:426,_ZNSt10unique_ptrI19MediaFileControllerSt14default_deleteIS0_EE11get_deleterEv
FNDA:78,_ZNSt10unique_ptrI19MediaFileControllerSt14default_deleteIS0_EE11get_deleterEv
FN:426,_ZNSt10unique_ptrI21ScanfOptionControllerSt14default_deleteIS0_EE11get_deleterEv
FNDA:84,_ZNSt10unique_ptrI21ScanfOptionControllerSt14default_deleteIS0_EE11get_deleterEv
FN:426,_ZNSt10unique_ptrI18MainMenuControllerSt14default_deleteIS0_EE11get_deleterEv
FNDA:70,_ZNSt10unique_ptrI18MainMenuControllerSt14default_deleteIS0_EE11get_deleterEv
FN:426,_ZNSt10unique_ptrI14BaseControllerSt14default_deleteIS0_EE11get_deleterEv
FNDA:536,_ZNSt10unique_ptrI14BaseControllerSt14default_deleteIS0_EE11get_deleterEv
FN:426,_ZNSt10unique_ptrINSt10filesystem7__cxx114path5_List5_ImplENS3_13_Impl_deleterEE11get_deleterEv
FNDA:324,_ZNSt10unique_ptrINSt10filesystem7__cxx114path5_List5_ImplENS3_13_Impl_deleterEE11get_deleterEv
FN:426,_ZNSt10unique_ptrIN5boost6system6detail12std_categoryESt14default_deleteIS3_EE11get_deleterEv
FNDA:0,_ZNSt10unique_ptrIN5boost6system6detail12std_categoryESt14default_deleteIS3_EE11get_deleterEv
FN:435,_ZNKSt10unique_ptrI14BaseControllerSt14default_deleteIS0_EEcvbEv
FNDA:1,_ZNKSt10unique_ptrI14BaseControllerSt14default_deleteIS0_EEcvbEv
FN:442,_ZNSt10unique_ptrI18MainMenuControllerSt14default_deleteIS0_EE7releaseEv
FNDA:69,_ZNSt10unique_ptrI18MainMenuControllerSt14default_deleteIS0_EE7releaseEv
FN:442,_ZNSt10unique_ptrI21ScanfOptionControllerSt14default_deleteIS0_EE7releaseEv
FNDA:69,_ZNSt10unique_ptrI21ScanfOptionControllerSt14default_deleteIS0_EE7releaseEv
FN:442,_ZNSt10unique_ptrI18MetadataControllerSt14default_deleteIS0_EE7releaseEv
FNDA:69,_ZNSt10unique_ptrI18MetadataControllerSt14default_deleteIS0_EE7releaseEv
FN:442,_ZNSt10unique_ptrI26DetailedPlaylistControllerSt14default_deleteIS0_EE7releaseEv
FNDA:69,_ZNSt10unique_ptrI26DetailedPlaylistControllerSt14default_deleteIS0_EE7releaseEv
FN:442,_ZNSt10unique_ptrI18PlaylistControllerSt14default_deleteIS0_EE7releaseEv
FNDA:69,_ZNSt10unique_ptrI18PlaylistControllerSt14default_deleteIS0_EE7releaseEv
FN:442,_ZNSt10unique_ptrI19MediaFileControllerSt14default_deleteIS0_EE7releaseEv
FNDA:69,_ZNSt10unique_ptrI19MediaFileControllerSt14default_deleteIS0_EE7releaseEv
FN:442,_ZNSt10unique_ptrI22PlayingMediaControllerSt14default_deleteIS0_EE7releaseEv
FNDA:69,_ZNSt10unique_ptrI22PlayingMediaControllerSt14default_deleteIS0_EE7releaseEv
FN:442,_ZNSt10unique_ptrI18HardwareControllerSt14default_deleteIS0_EE7releaseEv
FNDA:69,_ZNSt10unique_ptrI18HardwareControllerSt14default_deleteIS0_EE7releaseEv
FN:961,_ZSt11make_uniqueI21ScanfOptionControllerJEENSt9_MakeUniqIT_E15__single_objectEDpOT0_
FNDA:84,_ZSt11make_uniqueI21ScanfOptionControllerJEENSt9_MakeUniqIT_E15__single_objectEDpOT0_
FN:961,_ZSt11make_uniqueI18HardwareControllerJRA13_KciEENSt9_MakeUniqIT_E15__single_objectEDpOT0_
FNDA:79,_ZSt11make_uniqueI18HardwareControllerJRA13_KciEENSt9_MakeUniqIT_E15__single_objectEDpOT0_
FN:961,_ZSt11make_uniqueI18MainMenuControllerJEENSt9_MakeUniqIT_E15__single_objectEDpOT0_
FNDA:70,_ZSt11make_uniqueI18MainMenuControllerJEENSt9_MakeUniqIT_E15__single_objectEDpOT0_
FN:961,_ZSt11make_uniqueI18MetadataControllerJEENSt9_MakeUniqIT_E15__single_objectEDpOT0_
FNDA:75,_ZSt11make_uniqueI18MetadataControllerJEENSt9_MakeUniqIT_E15__single_objectEDpOT0_
FN:961,_ZSt11make_uniqueI18PlaylistControllerJEENSt9_MakeUniqIT_E15__single_objectEDpOT0_
FNDA:73,_ZSt11make_uniqueI18PlaylistControllerJEENSt9_MakeUniqIT_E15__single_objectEDpOT0_
FN:961,_ZSt11make_uniqueI26DetailedPlaylistControllerJEENSt9_MakeUniqIT_E15__single_objectEDpOT0_
FNDA:76,_ZSt11make_uniqueI26DetailedPlaylistControllerJEENSt9_MakeUniqIT_E15__single_objectEDpOT0_
FN:961,_ZSt11make_uniqueI19MediaFileControllerJEENSt9_MakeUniqIT_E15__single_objectEDpOT0_
FNDA:87,_ZSt11make_uniqueI19MediaFileControllerJEENSt9_MakeUniqIT_E15__single_objectEDpOT0_
FN:961,_ZSt11make_uniqueI22PlayingMediaControllerJEENSt9_MakeUniqIT_E15__single_objectEDpOT0_
FNDA:84,_ZSt11make_uniqueI22PlayingMediaControllerJEENSt9_MakeUniqIT_E15__single_objectEDpOT0_
DA:75,69
DA:75,69
DA:75,69
DA:75,69
DA:75,69
DA:75,69
DA:75,69
DA:75,69
DA:79,10
DA:85,10
DA:86,10
DA:79,6
DA:85,6
DA:86,6
DA:79,7
DA:85,7
DA:86,7
DA:79,15
DA:85,15
DA:86,15
DA:79,18
DA:85,18
DA:86,18
DA:79,4
DA:85,4
DA:86,4
DA:79,15
DA:85,15
DA:86,15
DA:79,536
DA:85,536
DA:86,536
DA:79,1
DA:85,1
DA:86,1
DA:79,0
DA:85,0
DA:86,0
DA:154,0
DA:155,79
DA:155,75
DA:155,76
DA:155,84
DA:155,87
DA:155,73
DA:155,84
DA:155,70
DA:155,0
DA:158,69
DA:159,69
DA:158,69
DA:159,69
DA:158,69
DA:159,69
DA:158,69
DA:159,69
DA:158,69
DA:159,69
DA:158,69
DA:159,69
DA:158,69
DA:159,69
DA:158,69
DA:159,69
DA:161,1035
DA:162,1035
DA:163,1035
DA:161,0
DA:162,0
DA:163,0
DA:172,346
DA:172,318
DA:172,325
DA:172,381
DA:172,393
DA:172,304
DA:172,381
DA:172,2606
DA:172,283
DA:172,0
DA:172,324
DA:173,0
DA:173,16
DA:174,99
DA:174,87
DA:174,90
DA:174,114
DA:174,123
DA:174,81
DA:174,114
DA:174,536
DA:174,72
DA:174,0
DA:174,324
DA:185,79
DA:187,79
DA:188,79
DA:189,79
DA:185,75
DA:187,75
DA:188,75
DA:189,75
DA:185,76
DA:187,76
DA:188,76
DA:189,76
DA:185,84
DA:187,84
DA:188,84
DA:189,84
DA:185,87
DA:187,87
DA:188,87
DA:189,87
DA:185,73
DA:187,73
DA:188,73
DA:189,73
DA:185,84
DA:187,84
DA:188,84
DA:189,84
DA:185,70
DA:187,70
DA:188,70
DA:189,70
DA:211,1035
DA:211,0
DA:281,79
DA:282,79
DA:283,79
DA:281,75
DA:282,75
DA:283,75
DA:281,76
DA:282,76
DA:283,76
DA:281,84
DA:282,84
DA:283,84
DA:281,87
DA:282,87
DA:283,87
DA:281,73
DA:282,73
DA:283,73
DA:281,84
DA:282,84
DA:283,84
DA:281,70
DA:282,70
DA:283,70
DA:281,0
DA:282,0
DA:283,0
DA:320,0
DA:321,0
DA:322,0
DA:327,1035
DA:327,0
DA:340,69
DA:341,69
DA:342,69
DA:340,69
DA:341,69
DA:342,69
DA:340,69
DA:341,69
DA:342,69
DA:340,69
DA:341,69
DA:342,69
DA:340,69
DA:341,69
DA:342,69
DA:340,69
DA:341,69
DA:342,69
DA:340,69
DA:341,69
DA:342,69
DA:340,69
DA:341,69
DA:342,69
DA:355,89
DA:359,89
DA:360,89
DA:361,10
DA:362,89
DA:363,89
DA:355,81
DA:359,81
DA:360,81
DA:361,6
DA:362,81
DA:363,81
DA:355,83
DA:359,83
DA:360,83
DA:361,7
DA:362,83
DA:363,83
DA:355,99
DA:359,99
DA:360,99
DA:361,15
DA:362,99
DA:363,99
DA:355,96
DA:359,96
DA:360,96
DA:361,9
DA:362,96
DA:363,96
DA:355,77
DA:359,77
DA:360,77
DA:361,4
DA:362,77
DA:363,77
DA:355,99
DA:359,99
DA:360,99
DA:361,15
DA:362,99
DA:363,99
DA:355,1571
DA:359,1571
DA:360,1571
DA:361,536
DA:362,1571
DA:363,1571
DA:355,71
DA:359,71
DA:360,71
DA:361,1
DA:362,71
DA:363,71
DA:355,0
DA:359,0
DA:360,0
DA:361,0
DA:362,0
DA:363,0
DA:355,324
DA:359,324
DA:360,324
DA:361,324
DA:362,324
DA:363,324
DA:405,0
DA:407,0
DA:408,0
DA:421,0
DA:422,0
DA:421,16
DA:422,16
DA:426,79
DA:427,79
DA:426,75
DA:427,75
DA:426,76
DA:427,76
DA:426,84
DA:427,84
DA:426,78
DA:427,78
DA:426,73
DA:427,73
DA:426,84
DA:427,84
DA:426,536
DA:427,536
DA:426,70
DA:427,70
DA:426,0
DA:427,0
DA:426,324
DA:427,324
DA:435,1
DA:436,1
DA:442,69
DA:443,69
DA:442,69
DA:443,69
DA:442,69
DA:443,69
DA:442,69
DA:443,69
DA:442,69
DA:443,69
DA:442,69
DA:443,69
DA:442,69
DA:443,69
DA:442,69
DA:443,69
DA:961,79
DA:962,79
DA:961,75
DA:962,75
DA:961,76
DA:962,76
DA:961,84
DA:962,84
DA:961,87
DA:962,87
DA:961,73
DA:962,73
DA:961,84
DA:962,84
DA:961,70
DA:962,70
end_of_record
SF:/media/sf_Share_folder/UI/Spotify-rep-1-1/project/include/controller/DetailedPlaylistController.hpp
end_of_record
SF:/usr/include/boost/asio/execution_context.hpp
FN:312,_ZN5boost4asio17execution_context2idC2Ev
FNDA:4,_ZN5boost4asio17execution_context2idC2Ev
DA:312,4
end_of_record
SF:/usr/include/c++/11/bits/ptr_traits.h
FN:149,_ZNSt14pointer_traitsIPKcE10pointer_toERS0_
FNDA:49776,_ZNSt14pointer_traitsIPKcE10pointer_toERS0_
FN:149,_ZNSt14pointer_traitsIPcE10pointer_toERc
FNDA:20315,_ZNSt14pointer_traitsIPcE10pointer_toERc
DA:149,49776
DA:150,49776
DA:149,20315
DA:150,20315
end_of_record
SF:/usr/include/c++/11/bits/fs_dir.h
FN:72,_ZNKSt10filesystem11file_status4typeEv
FNDA:288,_ZNKSt10filesystem11file_status4typeEv
DA:72,288
end_of_record
SF:/usr/include/c++/11/new
FN:174,_ZnwmPv
FNDA:8345,_ZnwmPv
DA:174,8345
DA:175,8345
end_of_record
SF:/usr/include/c++/11/bits/alloc_traits.h
FN:463,_ZNSt16allocator_traitsISaISt13_Rb_tree_nodeISt4pairIKPKN5boost6system14error_categoryESt10unique_ptrINS3_6detail12std_categoryESt14default_deleteISA_EEEEEE8allocateERSG_m
FNDA:0,_ZNSt16allocator_traitsISaISt13_Rb_tree_nodeISt4pairIKPKN5boost6system14error_categoryESt10unique_ptrINS3_6detail12std_categoryESt14default_deleteISA_EEEEEE8allocateERSG_m
FN:463,_ZNSt16allocator_traitsISaISt10unique_ptrI14BaseControllerSt14default_deleteIS1_EEEE8allocateERS5_m
FNDA:276,_ZNSt16allocator_traitsISaISt10unique_ptrI14BaseControllerSt14default_deleteIS1_EEEE8allocateERS5_m
FN:463,_ZNSt16allocator_traitsISaIcEE8allocateERS0_m
FNDA:14778,_ZNSt16allocator_traitsISaIcEE8allocateERS0_m
FN:495,_ZNSt16allocator_traitsISaISt13_Rb_tree_nodeISt4pairIKPKN5boost6system14error_categoryESt10unique_ptrINS3_6detail12std_categoryESt14default_deleteISA_EEEEEE10deallocateERSG_PSF_m
FNDA:0,_ZNSt16allocator_traitsISaISt13_Rb_tree_nodeISt4pairIKPKN5boost6system14error_categoryESt10unique_ptrINS3_6detail12std_categoryESt14default_deleteISA_EEEEEE10deallocateERSG_PSF_m
FN:495,_ZNSt16allocator_traitsISaISt10unique_ptrI14BaseControllerSt14default_deleteIS1_EEEE10deallocateERS5_PS4_m
FNDA:274,_ZNSt16allocator_traitsISaISt10unique_ptrI14BaseControllerSt14default_deleteIS1_EEEE10deallocateERS5_PS4_m
FN:495,_ZNSt16allocator_traitsISaIcEE10deallocateERS0_Pcm
FNDA:7455,_ZNSt16allocator_traitsISaIcEE10deallocateERS0_Pcm
FN:511,_ZNSt16allocator_traitsISaISt13_Rb_tree_nodeISt4pairIKPKN5boost6system14error_categoryESt10unique_ptrINS3_6detail12std_categoryESt14default_deleteISA_EEEEEE9constructISE_JSE_EEEvRSG_PT_DpOT0_
FNDA:0,_ZNSt16allocator_traitsISaISt13_Rb_tree_nodeISt4pairIKPKN5boost6system14error_categoryESt10unique_ptrINS3_6detail12std_categoryESt14default_deleteISA_EEEEEE9constructISE_JSE_EEEvRSG_PT_DpOT0_
FN:511,_ZNSt16allocator_traitsISaISt10unique_ptrI14BaseControllerSt14default_deleteIS1_EEEE9constructIS4_JS4_EEEvRS5_PT_DpOT0_
FNDA:1035,_ZNSt16allocator_traitsISaISt10unique_ptrI14BaseControllerSt14default_deleteIS1_EEEE9constructIS4_JS4_EEEvRS5_PT_DpOT0_
FN:531,_ZNSt16allocator_traitsISaISt13_Rb_tree_nodeISt4pairIKPKN5boost6system14error_categoryESt10unique_ptrINS3_6detail12std_categoryESt14default_deleteISA_EEEEEE7destroyISE_EEvRSG_PT_
FNDA:0,_ZNSt16allocator_traitsISaISt13_Rb_tree_nodeISt4pairIKPKN5boost6system14error_categoryESt10unique_ptrINS3_6detail12std_categoryESt14default_deleteISA_EEEEEE7destroyISE_EEvRSG_PT_
FN:531,_ZNSt16allocator_traitsISaISt10unique_ptrI14BaseControllerSt14default_deleteIS1_EEEE7destroyIS4_EEvRS5_PT_
FNDA:483,_ZNSt16allocator_traitsISaISt10unique_ptrI14BaseControllerSt14default_deleteIS1_EEEE7destroyIS4_EEvRS5_PT_
FN:547,_ZNSt16allocator_traitsISaISt10unique_ptrI14BaseControllerSt14default_deleteIS1_EEEE8max_sizeERKS5_
FNDA:552,_ZNSt16allocator_traitsISaISt10unique_ptrI14BaseControllerSt14default_deleteIS1_EEEE8max_sizeERKS5_
FN:547,_ZNSt16allocator_traitsISaIcEE8max_sizeERKS0_
FNDA:26798,_ZNSt16allocator_traitsISaIcEE8max_sizeERKS0_
FN:845,_ZSt8_DestroyIPSt10unique_ptrI14BaseControllerSt14default_deleteIS1_EES4_EvT_S6_RSaIT0_E
FNDA:67,_ZSt8_DestroyIPSt10unique_ptrI14BaseControllerSt14default_deleteIS1_EES4_EvT_S6_RSaIT0_E
DA:463,0
DA:464,0
DA:463,276
DA:464,276
DA:463,14778
DA:464,14778
DA:495,0
DA:496,0
DA:495,274
DA:496,274
DA:495,7455
DA:496,7455
DA:511,0
DA:518,0
DA:520,0
DA:511,1035
DA:518,1035
DA:520,1035
DA:531,0
DA:537,0
DA:539,0
DA:531,483
DA:537,483
DA:539,483
DA:547,552
DA:552,552
DA:547,26798
DA:552,26798
DA:845,67
DA:848,67
DA:849,67
end_of_record
SF:/usr/include/boost/system/system_error.hpp
FN:47,_ZN5boost6system12system_errorD0Ev
FNDA:0,_ZN5boost6system12system_errorD0Ev
FN:47,_ZN5boost6system12system_errorD2Ev
FNDA:0,_ZN5boost6system12system_errorD2Ev
FN:59,_ZNK5boost6system12system_error4whatEv
FNDA:0,_ZNK5boost6system12system_error4whatEv
DA:47,0
DA:47,0
DA:59,0
DA:62,0
DA:68,0
DA:69,0
DA:70,0
DA:73,0
DA:76,0
end_of_record
SF:/usr/include/c++/11/bits/std_thread.h
FN:86,_ZNSt6thread2idC2Ev
FNDA:828,_ZNSt6thread2idC2Ev
FN:121,_ZNSt6threadC2Ev
FNDA:348,_ZNSt6threadC2Ev
DA:86,828
DA:121,348
end_of_record
SF:/media/sf_Share_folder/UI/Spotify-rep-1-1/project/include/controller/MetadataController.hpp
end_of_record
SF:/media/sf_Share_folder/UI/Spotify-rep-1-1/project/include/controller/PlaylistController.hpp
end_of_record
SF:/media/sf_Share_folder/UI/Spotify-rep-1-1/project/include/controller/MainMenuController.hpp
end_of_record
SF:/usr/include/c++/11/bits/basic_string.tcc
FN:132,_ZNSt7__cxx1112basic_stringIcSt11char_traitsIcESaIcEE9_M_createERmm
FNDA:14778,_ZNSt7__cxx1112basic_stringIcSt11char_traitsIcESaIcEE9_M_createERmm
FN:206,_ZNSt7__cxx1112basic_stringIcSt11char_traitsIcESaIcEE12_M_constructIPKcEEvT_S8_St20forward_iterator_tag
FNDA:6267,_ZNSt7__cxx1112basic_stringIcSt11char_traitsIcESaIcEE12_M_constructIPKcEEvT_S8_St20forward_iterator_tag
FN:300,_ZNSt7__cxx1112basic_stringIcSt11char_traitsIcESaIcEE9_M_mutateEmmPKcm
FNDA:4571,_ZNSt7__cxx1112basic_stringIcSt11char_traitsIcESaIcEE9_M_mutateEmmPKcm
FN:384,_ZNSt7__cxx1112basic_stringIcSt11char_traitsIcESaIcEE9_M_appendEPKcm
FNDA:6090,_ZNSt7__cxx1112basic_stringIcSt11char_traitsIcESaIcEE9_M_appendEPKcm
FN:448,_ZNSt7__cxx1112basic_stringIcSt11char_traitsIcESaIcEE10_M_replaceEmmPKcm
FNDA:4374,_ZNSt7__cxx1112basic_stringIcSt11char_traitsIcESaIcEE10_M_replaceEmmPKcm
DA:132,14778
DA:137,14778
DA:138,0
DA:143,14778
DA:145,3128
DA:147,3128
DA:148,0
DA:153,14778
DA:206,6267
DA:211,6267
DA:212,0
DA:215,6267
DA:217,6267
DA:219,2734
DA:220,2734
DA:225,6267
DA:232,6267
DA:233,6267
DA:300,4571
DA:304,4571
DA:306,4571
DA:307,4571
DA:309,4571
DA:310,3019
DA:311,4571
DA:312,4571
DA:313,4571
DA:314,10
DA:315,10
DA:317,4571
DA:318,4571
DA:319,4571
DA:320,4571
DA:384,6090
DA:387,6090
DA:389,6090
DA:391,2876
DA:392,2863
DA:395,3214
DA:397,6090
DA:398,6090
DA:448,4374
DA:452,4374
DA:454,4374
DA:455,4374
DA:457,4374
DA:459,3017
DA:461,3017
DA:462,3017
DA:464,3017
DA:465,18
DA:466,3017
DA:467,2943
DA:472,0
DA:473,0
DA:474,0
DA:475,0
DA:476,0
DA:478,0
DA:479,0
DA:480,0
DA:484,0
DA:485,0
DA:489,0
DA:490,0
DA:491,0
DA:498,1357
DA:500,4374
DA:501,4374
end_of_record
SF:/usr/include/c++/11/bits/std_mutex.h
FN:98,_ZNSt5mutex4lockEv
FNDA:0,_ZNSt5mutex4lockEv
FN:115,_ZNSt5mutex6unlockEv
FNDA:0,_ZNSt5mutex6unlockEv
FN:228,_ZNSt10lock_guardISt5mutexEC2ERS0_
FNDA:0,_ZNSt10lock_guardISt5mutexEC2ERS0_
FN:234,_ZNSt10lock_guardISt5mutexED2Ev
FNDA:0,_ZNSt10lock_guardISt5mutexED2Ev
DA:98,0
DA:100,0
DA:103,0
DA:104,0
DA:105,0
DA:115,0
DA:118,0
DA:119,0
DA:228,0
DA:229,0
DA:234,0
DA:235,0
end_of_record
SF:/media/sf_Share_folder/UI/Spotify-rep-1-1/project/include/controller/ScanfOptionController.hpp
end_of_record
SF:/usr/include/c++/11/bits/stl_iterator.h
FN:1027,_ZN9__gnu_cxx17__normal_iteratorIPSt10unique_ptrI14BaseControllerSt14default_deleteIS2_EESt6vectorIS5_SaIS5_EEEC2ERKS6_
FNDA:1656,_ZN9__gnu_cxx17__normal_iteratorIPSt10unique_ptrI14BaseControllerSt14default_deleteIS2_EESt6vectorIS5_SaIS5_EEEC2ERKS6_
FN:1042,_ZNK9__gnu_cxx17__normal_iteratorIPSt10unique_ptrI14BaseControllerSt14default_deleteIS2_EESt6vectorIS5_SaIS5_EEEdeEv
FNDA:552,_ZNK9__gnu_cxx17__normal_iteratorIPSt10unique_ptrI14BaseControllerSt14default_deleteIS2_EESt6vectorIS5_SaIS5_EEEdeEv
FN:1100,_ZNK9__gnu_cxx17__normal_iteratorIPSt10unique_ptrI14BaseControllerSt14default_deleteIS2_EESt6vectorIS5_SaIS5_EEEmiEl
FNDA:552,_ZNK9__gnu_cxx17__normal_iteratorIPSt10unique_ptrI14BaseControllerSt14default_deleteIS2_EESt6vectorIS5_SaIS5_EEEmiEl
FN:1105,_ZNK9__gnu_cxx17__normal_iteratorIPSt10unique_ptrI14BaseControllerSt14default_deleteIS2_EESt6vectorIS5_SaIS5_EEE4baseEv
FNDA:1104,_ZNK9__gnu_cxx17__normal_iteratorIPSt10unique_ptrI14BaseControllerSt14default_deleteIS2_EESt6vectorIS5_SaIS5_EEE4baseEv
FN:1268,_ZN9__gnu_cxxmiIPSt10unique_ptrI14BaseControllerSt14default_deleteIS2_EESt6vectorIS5_SaIS5_EEEENS_17__normal_iteratorIT_T0_E15difference_typeERKSD_SG_
FNDA:276,_ZN9__gnu_cxxmiIPSt10unique_ptrI14BaseControllerSt14default_deleteIS2_EESt6vectorIS5_SaIS5_EEEENS_17__normal_iteratorIT_T0_E15difference_typeERKSD_SG_
DA:1027,1656
DA:1028,1656
DA:1042,552
DA:1043,552
DA:1100,552
DA:1101,552
DA:1105,1104
DA:1106,1104
DA:1268,276
DA:1271,276
end_of_record
SF:/usr/include/c++/11/ext/new_allocator.h
FN:79,_ZN9__gnu_cxx13new_allocatorISt10unique_ptrI14BaseControllerSt14default_deleteIS2_EEEC2Ev
FNDA:69,_ZN9__gnu_cxx13new_allocatorISt10unique_ptrI14BaseControllerSt14default_deleteIS2_EEEC2Ev
FN:79,_ZN9__gnu_cxx13new_allocatorISt13_Rb_tree_nodeISt4pairIKPKN5boost6system14error_categoryESt10unique_ptrINS4_6detail12std_categoryESt14default_deleteISB_EEEEEC2Ev
FNDA:0,_ZN9__gnu_cxx13new_allocatorISt13_Rb_tree_nodeISt4pairIKPKN5boost6system14error_categoryESt10unique_ptrINS4_6detail12std_categoryESt14default_deleteISB_EEEEEC2Ev
FN:79,_ZN9__gnu_cxx13new_allocatorIcEC2Ev
FNDA:0,_ZN9__gnu_cxx13new_allocatorIcEC2Ev
FN:103,_ZN9__gnu_cxx13new_allocatorISt13_Rb_tree_nodeISt4pairIKPKN5boost6system14error_categoryESt10unique_ptrINS4_6detail12std_categoryESt14default_deleteISB_EEEEE8allocateEmPKv
FNDA:0,_ZN9__gnu_cxx13new_allocatorISt13_Rb_tree_nodeISt4pairIKPKN5boost6system14error_categoryESt10unique_ptrINS4_6detail12std_categoryESt14default_deleteISB_EEEEE8allocateEmPKv
FN:103,_ZN9__gnu_cxx13new_allocatorISt10unique_ptrI14BaseControllerSt14default_deleteIS2_EEE8allocateEmPKv
FNDA:276,_ZN9__gnu_cxx13new_allocatorISt10unique_ptrI14BaseControllerSt14default_deleteIS2_EEE8allocateEmPKv
FN:103,_ZN9__gnu_cxx13new_allocatorIcE8allocateEmPKv
FNDA:14778,_ZN9__gnu_cxx13new_allocatorIcE8allocateEmPKv
FN:132,_ZN9__gnu_cxx13new_allocatorISt13_Rb_tree_nodeISt4pairIKPKN5boost6system14error_categoryESt10unique_ptrINS4_6detail12std_categoryESt14default_deleteISB_EEEEE10deallocateEPSG_m
FNDA:0,_ZN9__gnu_cxx13new_allocatorISt13_Rb_tree_nodeISt4pairIKPKN5boost6system14error_categoryESt10unique_ptrINS4_6detail12std_categoryESt14default_deleteISB_EEEEE10deallocateEPSG_m
FN:132,_ZN9__gnu_cxx13new_allocatorISt10unique_ptrI14BaseControllerSt14default_deleteIS2_EEE10deallocateEPS5_m
FNDA:274,_ZN9__gnu_cxx13new_allocatorISt10unique_ptrI14BaseControllerSt14default_deleteIS2_EEE10deallocateEPS5_m
FN:132,_ZN9__gnu_cxx13new_allocatorIcE10deallocateEPcm
FNDA:7455,_ZN9__gnu_cxx13new_allocatorIcE10deallocateEPcm
FN:197,_ZNK9__gnu_cxx13new_allocatorISt13_Rb_tree_nodeISt4pairIKPKN5boost6system14error_categoryESt10unique_ptrINS4_6detail12std_categoryESt14default_deleteISB_EEEEE11_M_max_sizeEv
FNDA:0,_ZNK9__gnu_cxx13new_allocatorISt13_Rb_tree_nodeISt4pairIKPKN5boost6system14error_categoryESt10unique_ptrINS4_6detail12std_categoryESt14default_deleteISB_EEEEE11_M_max_sizeEv
FN:197,_ZNK9__gnu_cxx13new_allocatorISt10unique_ptrI14BaseControllerSt14default_deleteIS2_EEE11_M_max_sizeEv
FNDA:276,_ZNK9__gnu_cxx13new_allocatorISt10unique_ptrI14BaseControllerSt14default_deleteIS2_EEE11_M_max_sizeEv
FN:197,_ZNK9__gnu_cxx13new_allocatorIcE11_M_max_sizeEv
FNDA:14778,_ZNK9__gnu_cxx13new_allocatorIcE11_M_max_sizeEv
DA:79,69
DA:79,0
DA:79,0
DA:103,0
DA:111,0
DA:115,0
DA:116,0
DA:117,0
DA:127,0
DA:103,276
DA:111,276
DA:115,0
DA:116,0
DA:117,0
DA:127,276
DA:103,14778
DA:111,14778
DA:117,0
DA:127,14778
DA:132,0
DA:145,0
DA:132,274
DA:145,274
DA:132,7455
DA:145,7455
DA:197,0
DA:200,0
DA:197,276
DA:200,276
DA:197,14778
DA:200,14778
end_of_record
SF:/usr/include/c++/11/bits/stl_map.h
FN:185,_ZNSt3mapIPKN5boost6system14error_categoryESt10unique_ptrINS1_6detail12std_categoryESt14default_deleteIS7_EENS6_12cat_ptr_lessESaISt4pairIKS4_SA_EEEC2Ev
FNDA:0,_ZNSt3mapIPKN5boost6system14error_categoryESt10unique_ptrINS1_6detail12std_categoryESt14default_deleteIS7_EENS6_12cat_ptr_lessESaISt4pairIKS4_SA_EEEC2Ev
FN:302,_ZNSt3mapIPKN5boost6system14error_categoryESt10unique_ptrINS1_6detail12std_categoryESt14default_deleteIS7_EENS6_12cat_ptr_lessESaISt4pairIKS4_SA_EEED2Ev
FNDA:0,_ZNSt3mapIPKN5boost6system14error_categoryESt10unique_ptrINS1_6detail12std_categoryESt14default_deleteIS7_EENS6_12cat_ptr_lessESaISt4pairIKS4_SA_EEED2Ev
FN:374,_ZNSt3mapIPKN5boost6system14error_categoryESt10unique_ptrINS1_6detail12std_categoryESt14default_deleteIS7_EENS6_12cat_ptr_lessESaISt4pairIKS4_SA_EEE3endEv
FNDA:0,_ZNSt3mapIPKN5boost6system14error_categoryESt10unique_ptrINS1_6detail12std_categoryESt14default_deleteIS7_EENS6_12cat_ptr_lessESaISt4pairIKS4_SA_EEE3endEv
FN:810,_ZNSt3mapIPKN5boost6system14error_categoryESt10unique_ptrINS1_6detail12std_categoryESt14default_deleteIS7_EENS6_12cat_ptr_lessESaISt4pairIKS4_SA_EEE6insertEOSE_
FNDA:0,_ZNSt3mapIPKN5boost6system14error_categoryESt10unique_ptrINS1_6detail12std_categoryESt14default_deleteIS7_EENS6_12cat_ptr_lessESaISt4pairIKS4_SA_EEE6insertEOSE_
FN:1169,_ZNSt3mapIPKN5boost6system14error_categoryESt10unique_ptrINS1_6detail12std_categoryESt14default_deleteIS7_EENS6_12cat_ptr_lessESaISt4pairIKS4_SA_EEE4findERSD_
FNDA:0,_ZNSt3mapIPKN5boost6system14error_categoryESt10unique_ptrINS1_6detail12std_categoryESt14default_deleteIS7_EENS6_12cat_ptr_lessESaISt4pairIKS4_SA_EEE4findERSD_
DA:185,0
DA:302,0
DA:374,0
DA:375,0
DA:810,0
DA:811,0
DA:1169,0
DA:1170,0
end_of_record
SF:/usr/include/boost/asio/io_context.hpp
end_of_record
SF:/usr/include/boost/asio/detail/noncopyable.hpp
FN:29,_ZN5boost4asio6detail11noncopyableC2Ev
FNDA:4591,_ZN5boost4asio6detail11noncopyableC2Ev
FN:30,_ZN5boost4asio6detail11noncopyableD2Ev
FNDA:4545,_ZN5boost4asio6detail11noncopyableD2Ev
DA:29,4591
DA:30,4545
end_of_record
SF:/usr/include/c++/11/bits/stl_pair.h
FN:315,_ZNSt4pairIKPKN5boost6system14error_categoryESt10unique_ptrINS1_6detail12std_categoryESt14default_deleteIS8_EEEC2EOSC_
FNDA:0,_ZNSt4pairIKPKN5boost6system14error_categoryESt10unique_ptrINS1_6detail12std_categoryESt14default_deleteIS8_EEEC2EOSC_
FN:322,_ZNSt4pairIPSt18_Rb_tree_node_baseS1_EC2IRS1_Lb1EEEOT_RKS1_
FNDA:0,_ZNSt4pairIPSt18_Rb_tree_node_baseS1_EC2IRS1_Lb1EEEOT_RKS1_
FN:352,_ZNSt4pairIPSt18_Rb_tree_node_baseS1_EC2IRPSt13_Rb_tree_nodeIS_IKPKN5boost6system14error_categoryESt10unique_ptrINS6_6detail12std_categoryESt14default_deleteISD_EEEERS1_Lb1EEEOT_OT0_
FNDA:0,_ZNSt4pairIPSt18_Rb_tree_node_baseS1_EC2IRPSt13_Rb_tree_nodeIS_IKPKN5boost6system14error_categoryESt10unique_ptrINS6_6detail12std_categoryESt14default_deleteISD_EEEERS1_Lb1EEEOT_OT0_
FN:352,_ZNSt4pairISt17_Rb_tree_iteratorIS_IKPKN5boost6system14error_categoryESt10unique_ptrINS2_6detail12std_categoryESt14default_deleteIS9_EEEEbEC2ISE_bLb1EEEOT_OT0_
FNDA:0,_ZNSt4pairISt17_Rb_tree_iteratorIS_IKPKN5boost6system14error_categoryESt10unique_ptrINS2_6detail12std_categoryESt14default_deleteIS9_EEEEbEC2ISE_bLb1EEEOT_OT0_
FN:352,_ZNSt4pairIKPKN5boost6system14error_categoryESt10unique_ptrINS1_6detail12std_categoryESt14default_deleteIS8_EEEC2IS4_SB_Lb1EEEOT_OT0_
FNDA:0,_ZNSt4pairIKPKN5boost6system14error_categoryESt10unique_ptrINS1_6detail12std_categoryESt14default_deleteIS8_EEEC2IS4_SB_Lb1EEEOT_OT0_
DA:315,0
DA:322,0
DA:323,0
DA:352,0
DA:353,0
DA:352,0
DA:353,0
DA:352,0
DA:353,0
end_of_record
SF:/usr/include/boost/system/error_code.hpp
FN:233,_ZNK5boost6system14error_categoryeqERKS1_
FNDA:2664,_ZNK5boost6system14error_categoryeqERKS1_
FN:243,_ZNK5boost6system14error_categoryltERKS1_
FNDA:0,_ZNK5boost6system14error_categoryltERKS1_
FN:290,_ZNK5boost6system6detail22generic_error_category4nameEv
FNDA:0,_ZNK5boost6system6detail22generic_error_category4nameEv
FN:308,_ZNK5boost6system6detail21system_error_category4nameEv
FNDA:0,_ZNK5boost6system6detail21system_error_category4nameEv
FN:346,_ZN5boost6system15system_categoryEv
FNDA:4260,_ZN5boost6system15system_categoryEv
FN:351,_ZN5boost6system16generic_categoryEv
FNDA:0,_ZN5boost6system16generic_categoryEv
FN:415,_ZN5boost6system6detail11failed_implEiRKNS0_14error_categoryE
FNDA:2664,_ZN5boost6system6detail11failed_implEiRKNS0_14error_categoryE
FN:452,_ZN5boost6system15error_conditionC2EiRKNS0_14error_categoryE
FNDA:0,_ZN5boost6system15error_conditionC2EiRKNS0_14error_categoryE
FN:489,_ZNK5boost6system15error_condition5valueEv
FNDA:0,_ZNK5boost6system15error_condition5valueEv
FN:494,_ZNK5boost6system15error_condition8categoryEv
FNDA:0,_ZNK5boost6system15error_condition8categoryEv
FN:542,_ZN5boost6systemeqERKNS0_15error_conditionES3_
FNDA:0,_ZN5boost6systemeqERKNS0_15error_conditionES3_
FN:554,_ZNK5boost6system15error_conditioncvSt15error_conditionEv
FNDA:0,_ZNK5boost6system15error_conditioncvSt15error_conditionEv
FN:588,_ZN5boost6system10error_codeC2EiRKNS0_14error_categoryE
FNDA:726,_ZN5boost6system10error_codeC2EiRKNS0_14error_categoryE
FN:625,_ZNK5boost6system10error_code5valueEv
FNDA:0,_ZNK5boost6system10error_code5valueEv
FN:630,_ZNK5boost6system10error_code8categoryEv
FNDA:1938,_ZNK5boost6system10error_code8categoryEv
FN:640,_ZNK5boost6system10error_code7messageB5cxx11Ev
FNDA:0,_ZNK5boost6system10error_code7messageB5cxx11Ev
FN:831,_ZNK5boost6system14error_category23default_error_conditionEi
FNDA:0,_ZNK5boost6system14error_category23default_error_conditionEi
FN:836,_ZNK5boost6system14error_category10equivalentEiRKNS0_15error_conditionE
FNDA:0,_ZNK5boost6system14error_category10equivalentEiRKNS0_15error_conditionE
FN:841,_ZNK5boost6system14error_category10equivalentERKNS0_10error_codeEi
FNDA:0,_ZNK5boost6system14error_category10equivalentERKNS0_10error_codeEi
FN:846,_ZNK5boost6system14error_category7messageEiPcm
FNDA:0,_ZNK5boost6system14error_category7messageEiPcm
FN:894,_ZNK5boost6system14error_category6failedEi
FNDA:0,_ZNK5boost6system14error_category6failedEi
FN:907,_ZNK5boost6system6detail22generic_error_category7messageB5cxx11Ei
FNDA:0,_ZNK5boost6system6detail22generic_error_category7messageB5cxx11Ei
FN:912,_ZNK5boost6system6detail22generic_error_category7messageEiPcm
FNDA:0,_ZNK5boost6system6detail22generic_error_category7messageEiPcm
FN:942,_ZNK5boost6system6detail21system_error_category23default_error_conditionEi
FNDA:0,_ZNK5boost6system6detail21system_error_category23default_error_conditionEi
FN:947,_ZNK5boost6system6detail21system_error_category7messageB5cxx11Ei
FNDA:0,_ZNK5boost6system6detail21system_error_category7messageB5cxx11Ei
FN:952,_ZNK5boost6system6detail21system_error_category7messageEiPcm
FNDA:0,_ZNK5boost6system6detail21system_error_category7messageEiPcm
FN:965,_ZNK5boost6system14error_categorycvRKNSt3_V214error_categoryEEv
FNDA:0,_ZNK5boost6system14error_categorycvRKNSt3_V214error_categoryEEv
DA:233,2664
DA:235,2664
DA:243,0
DA:245,0
DA:247,0
DA:250,0
DA:252,0
DA:255,0
DA:257,0
DA:260,0
DA:290,0
DA:292,0
DA:308,0
DA:310,0
DA:346,4260
DA:348,4260
DA:351,0
DA:353,0
DA:415,2664
DA:417,2664
DA:419,2664
DA:423,0
DA:452,0
DA:453,0
DA:455,0
DA:489,0
DA:491,0
DA:494,0
DA:496,0
DA:542,0
DA:544,0
DA:554,0
DA:556,0
DA:588,726
DA:589,726
DA:591,726
DA:625,0
DA:627,0
DA:630,1938
DA:632,1938
DA:640,0
DA:642,0
DA:831,0
DA:833,0
DA:836,0
DA:838,0
DA:841,0
DA:843,0
DA:846,0
DA:848,0
DA:850,0
DA:853,0
DA:855,0
DA:856,0
DA:863,0
DA:875,0
DA:876,0
DA:884,0
DA:885,0
DA:887,0
DA:889,0
DA:890,0
DA:894,0
DA:896,0
DA:907,0
DA:909,0
DA:912,0
DA:914,0
DA:942,0
DA:944,0
DA:947,0
DA:949,0
DA:952,0
DA:954,0
DA:965,0
DA:967,0
end_of_record
SF:/usr/include/c++/11/bits/stl_uninitialized.h
FN:986,_ZSt19__relocate_object_aISt10unique_ptrI14BaseControllerSt14default_deleteIS1_EES4_SaIS4_EEvPT_PT0_RT1_
FNDA:483,_ZSt19__relocate_object_aISt10unique_ptrI14BaseControllerSt14default_deleteIS1_EES4_SaIS4_EEvPT_PT0_RT1_
FN:1018,_ZSt14__relocate_a_1IPSt10unique_ptrI14BaseControllerSt14default_deleteIS1_EES5_SaIS4_EET0_T_S8_S7_RT1_
FNDA:552,_ZSt14__relocate_a_1IPSt10unique_ptrI14BaseControllerSt14default_deleteIS1_EES5_SaIS4_EET0_T_S8_S7_RT1_
FN:1040,_ZSt12__relocate_aIPSt10unique_ptrI14BaseControllerSt14default_deleteIS1_EES5_SaIS4_EET0_T_S8_S7_RT1_
FNDA:552,_ZSt12__relocate_aIPSt10unique_ptrI14BaseControllerSt14default_deleteIS1_EES5_SaIS4_EET0_T_S8_S7_RT1_
DA:986,483
DA:994,483
DA:995,483
DA:996,483
DA:1018,552
DA:1030,552
DA:1031,1035
DA:1032,483
DA:1034,552
DA:1040,552
DA:1046,552
DA:1048,552
end_of_record
SF:/media/sf_Share_folder/UI/Spotify-rep-1-1/project/include/controller/PlayingMediaController.hpp
end_of_record
SF:/media/sf_Share_folder/UI/Spotify-rep-1-1/project/include/controller/MediaFileController.hpp
end_of_record
SF:/usr/include/c++/11/bits/basic_string.h
FN:133,_ZNSt7__cxx1112basic_stringIcSt11char_traitsIcESaIcEE17_S_to_string_viewESt17basic_string_viewIcS2_E
FNDA:243,_ZNSt7__cxx1112basic_stringIcSt11char_traitsIcESaIcEE17_S_to_string_viewESt17basic_string_viewIcS2_E
FN:142,_ZNSt7__cxx1112basic_stringIcSt11char_traitsIcESaIcEE12__sv_wrapperC2ESt17basic_string_viewIcS2_E
FNDA:243,_ZNSt7__cxx1112basic_stringIcSt11char_traitsIcESaIcEE12__sv_wrapperC2ESt17basic_string_viewIcS2_E
FN:153,_ZNSt7__cxx1112basic_stringIcSt11char_traitsIcESaIcEEC2ENS4_12__sv_wrapperERKS3_
FNDA:243,_ZNSt7__cxx1112basic_stringIcSt11char_traitsIcESaIcEEC2ENS4_12__sv_wrapperERKS3_
FN:164,_ZNSt7__cxx1112basic_stringIcSt11char_traitsIcESaIcEE12_Alloc_hiderC2EPcRKS3_
FNDA:6403,_ZNSt7__cxx1112basic_stringIcSt11char_traitsIcESaIcEE12_Alloc_hiderC2EPcRKS3_
FN:186,_ZNSt7__cxx1112basic_stringIcSt11char_traitsIcESaIcEE7_M_dataEPc
FNDA:23362,_ZNSt7__cxx1112basic_stringIcSt11char_traitsIcESaIcEE7_M_dataEPc
FN:190,_ZNSt7__cxx1112basic_stringIcSt11char_traitsIcESaIcEE9_M_lengthEm
FNDA:36473,_ZNSt7__cxx1112basic_stringIcSt11char_traitsIcESaIcEE9_M_lengthEm
FN:194,_ZNKSt7__cxx1112basic_stringIcSt11char_traitsIcESaIcEE7_M_dataEv
FNDA:139657,_ZNKSt7__cxx1112basic_stringIcSt11char_traitsIcESaIcEE7_M_dataEv
FN:198,_ZNSt7__cxx1112basic_stringIcSt11char_traitsIcESaIcEE13_M_local_dataEv
FNDA:20315,_ZNSt7__cxx1112basic_stringIcSt11char_traitsIcESaIcEE13_M_local_dataEv
FN:208,_ZNKSt7__cxx1112basic_stringIcSt11char_traitsIcESaIcEE13_M_local_dataEv
FNDA:49776,_ZNKSt7__cxx1112basic_stringIcSt11char_traitsIcESaIcEE13_M_local_dataEv
FN:218,_ZNSt7__cxx1112basic_stringIcSt11char_traitsIcESaIcEE11_M_capacityEm
FNDA:17023,_ZNSt7__cxx1112basic_stringIcSt11char_traitsIcESaIcEE11_M_capacityEm
FN:222,_ZNSt7__cxx1112basic_stringIcSt11char_traitsIcESaIcEE13_M_set_lengthEm
FNDA:28153,_ZNSt7__cxx1112basic_stringIcSt11char_traitsIcESaIcEE13_M_set_lengthEm
FN:229,_ZNKSt7__cxx1112basic_stringIcSt11char_traitsIcESaIcEE11_M_is_localEv
FNDA:49776,_ZNKSt7__cxx1112basic_stringIcSt11char_traitsIcESaIcEE11_M_is_localEv
FN:237,_ZNSt7__cxx1112basic_stringIcSt11char_traitsIcESaIcEE10_M_disposeEv
FNDA:21180,_ZNSt7__cxx1112basic_stringIcSt11char_traitsIcESaIcEE10_M_disposeEv
FN:244,_ZNSt7__cxx1112basic_stringIcSt11char_traitsIcESaIcEE10_M_destroyEm
FNDA:7455,_ZNSt7__cxx1112basic_stringIcSt11char_traitsIcESaIcEE10_M_destroyEm
FN:251,_ZNSt7__cxx1112basic_stringIcSt11char_traitsIcESaIcEE16_M_construct_auxIPKcEEvT_S8_St12__false_type
FNDA:315,_ZNSt7__cxx1112basic_stringIcSt11char_traitsIcESaIcEE16_M_construct_auxIPKcEEvT_S8_St12__false_type
FN:271,_ZNSt7__cxx1112basic_stringIcSt11char_traitsIcESaIcEE12_M_constructIPKcEEvT_S8_
FNDA:315,_ZNSt7__cxx1112basic_stringIcSt11char_traitsIcESaIcEE12_M_constructIPKcEEvT_S8_
FN:294,_ZNSt7__cxx1112basic_stringIcSt11char_traitsIcESaIcEE16_M_get_allocatorEv
FNDA:31048,_ZNSt7__cxx1112basic_stringIcSt11char_traitsIcESaIcEE16_M_get_allocatorEv
FN:298,_ZNKSt7__cxx1112basic_stringIcSt11char_traitsIcESaIcEE16_M_get_allocatorEv
FNDA:31327,_ZNKSt7__cxx1112basic_stringIcSt11char_traitsIcESaIcEE16_M_get_allocatorEv
FN:328,_ZNKSt7__cxx1112basic_stringIcSt11char_traitsIcESaIcEE15_M_check_lengthEmmPKc
FNDA:8892,_ZNKSt7__cxx1112basic_stringIcSt11char_traitsIcESaIcEE15_M_check_lengthEmmPKc
FN:345,_ZNKSt7__cxx1112basic_stringIcSt11char_traitsIcESaIcEE11_M_disjunctEPKc
FNDA:3017,_ZNKSt7__cxx1112basic_stringIcSt11char_traitsIcESaIcEE11_M_disjunctEPKc
FN:354,_ZNSt7__cxx1112basic_stringIcSt11char_traitsIcESaIcEE7_S_copyEPcPKcm
FNDA:27224,_ZNSt7__cxx1112basic_stringIcSt11char_traitsIcESaIcEE7_S_copyEPcPKcm
FN:363,_ZNSt7__cxx1112basic_stringIcSt11char_traitsIcESaIcEE7_S_moveEPcPKcm
FNDA:18,_ZNSt7__cxx1112basic_stringIcSt11char_traitsIcESaIcEE7_S_moveEPcPKcm
FN:404,_ZNSt7__cxx1112basic_stringIcSt11char_traitsIcESaIcEE13_S_copy_charsEPcPKcS7_
FNDA:6267,_ZNSt7__cxx1112basic_stringIcSt11char_traitsIcESaIcEE13_S_copy_charsEPcPKcS7_
FN:518,_ZNSt7__cxx1112basic_stringIcSt11char_traitsIcESaIcEEC2EPKcmRKS3_
FNDA:280,_ZNSt7__cxx1112basic_stringIcSt11char_traitsIcESaIcEEC2EPKcmRKS3_
FN:533,_ZNSt7__cxx1112basic_stringIcSt11char_traitsIcESaIcEEC2IS3_EEPKcRKS3_
FNDA:5941,_ZNSt7__cxx1112basic_stringIcSt11char_traitsIcESaIcEEC2IS3_EEPKcRKS3_
FN:664,_ZNSt7__cxx1112basic_stringIcSt11char_traitsIcESaIcEEC2ISt17basic_string_viewIcS2_EvEERKT_RKS3_
FNDA:243,_ZNSt7__cxx1112basic_stringIcSt11char_traitsIcESaIcEEC2ISt17basic_string_viewIcS2_EvEERKT_RKS3_
FN:671,_ZNSt7__cxx1112basic_stringIcSt11char_traitsIcESaIcEED2Ev
FNDA:14537,_ZNSt7__cxx1112basic_stringIcSt11char_traitsIcESaIcEED2Ev
FN:689,_ZNSt7__cxx1112basic_stringIcSt11char_traitsIcESaIcEEaSEPKc
FNDA:21,_ZNSt7__cxx1112basic_stringIcSt11char_traitsIcESaIcEEaSEPKc
FN:920,_ZNKSt7__cxx1112basic_stringIcSt11char_traitsIcESaIcEE4sizeEv
FNDA:38096,_ZNKSt7__cxx1112basic_stringIcSt11char_traitsIcESaIcEE4sizeEv
FN:926,_ZNKSt7__cxx1112basic_stringIcSt11char_traitsIcESaIcEE6lengthEv
FNDA:25248,_ZNKSt7__cxx1112basic_stringIcSt11char_traitsIcESaIcEE6lengthEv
FN:931,_ZNKSt7__cxx1112basic_stringIcSt11char_traitsIcESaIcEE8max_sizeEv
FNDA:26798,_ZNKSt7__cxx1112basic_stringIcSt11char_traitsIcESaIcEE8max_sizeEv
FN:976,_ZNKSt7__cxx1112basic_stringIcSt11char_traitsIcESaIcEE8capacityEv
FNDA:19778,_ZNKSt7__cxx1112basic_stringIcSt11char_traitsIcESaIcEE8capacityEv
FN:1023,_ZNKSt7__cxx1112basic_stringIcSt11char_traitsIcESaIcEE5emptyEv
FNDA:37,_ZNKSt7__cxx1112basic_stringIcSt11char_traitsIcESaIcEE5emptyEv
FN:1160,_ZNSt7__cxx1112basic_stringIcSt11char_traitsIcESaIcEEpLERKS4_
FNDA:0,_ZNSt7__cxx1112basic_stringIcSt11char_traitsIcESaIcEEpLERKS4_
FN:1169,_ZNSt7__cxx1112basic_stringIcSt11char_traitsIcESaIcEEpLEPKc
FNDA:4,_ZNSt7__cxx1112basic_stringIcSt11char_traitsIcESaIcEEpLEPKc
FN:1213,_ZNSt7__cxx1112basic_stringIcSt11char_traitsIcESaIcEE6appendERKS4_
FNDA:715,_ZNSt7__cxx1112basic_stringIcSt11char_traitsIcESaIcEE6appendERKS4_
FN:1255,_ZNSt7__cxx1112basic_stringIcSt11char_traitsIcESaIcEE6appendEPKc
FNDA:4503,_ZNSt7__cxx1112basic_stringIcSt11char_traitsIcESaIcEE6appendEPKc
FN:1456,_ZNSt7__cxx1112basic_stringIcSt11char_traitsIcESaIcEE6assignEPKc
FNDA:21,_ZNSt7__cxx1112basic_stringIcSt11char_traitsIcESaIcEE6assignEPKc
FN:2320,_ZNKSt7__cxx1112basic_stringIcSt11char_traitsIcESaIcEE5c_strEv
FNDA:1493,_ZNKSt7__cxx1112basic_stringIcSt11char_traitsIcESaIcEE5c_strEv
DA:133,243
DA:134,243
DA:142,243
DA:153,243
DA:154,243
DA:164,6403
DA:165,6403
DA:186,23362
DA:187,23362
DA:190,36473
DA:191,36473
DA:194,139657
DA:195,139657
DA:198,20315
DA:201,20315
DA:208,49776
DA:211,49776
DA:218,17023
DA:219,17023
DA:222,28153
DA:224,28153
DA:225,28153
DA:226,28153
DA:229,49776
DA:230,49776
DA:237,21180
DA:239,21180
DA:240,7455
DA:241,21180
DA:244,7455
DA:245,7455
DA:251,315
DA:255,315
DA:256,315
DA:271,315
DA:274,315
DA:275,315
DA:294,31048
DA:295,31048
DA:298,31327
DA:299,31327
DA:328,8892
DA:330,8892
DA:331,0
DA:332,8892
DA:345,3017
DA:347,3017
DA:348,3017
DA:354,27224
DA:356,27224
DA:357,4835
DA:359,22389
DA:360,27224
DA:363,18
DA:365,18
DA:366,15
DA:368,3
DA:369,18
DA:404,6267
DA:406,6267
DA:518,280
DA:520,280
DA:521,280
DA:533,5941
DA:534,5941
DA:536,5941
DA:539,5941
DA:540,5941
DA:664,243
DA:665,243
DA:671,14537
DA:672,14537
DA:689,21
DA:690,21
DA:920,38096
DA:921,38096
DA:926,25248
DA:927,25248
DA:931,26798
DA:932,26798
DA:976,19778
DA:978,19778
DA:979,19778
DA:1023,37
DA:1024,37
DA:1160,0
DA:1161,0
DA:1169,4
DA:1170,4
DA:1213,715
DA:1214,715
DA:1255,4503
DA:1258,4503
DA:1259,4503
DA:1260,4503
DA:1456,21
DA:1459,21
DA:1460,21
DA:2320,1493
DA:2321,1493
end_of_record
SF:/usr/include/c++/11/bits/stl_tree.h
FN:146,_ZNSt20_Rb_tree_key_compareIN5boost6system6detail12cat_ptr_lessEEC2Ev
FNDA:0,_ZNSt20_Rb_tree_key_compareIN5boost6system6detail12cat_ptr_lessEEC2Ev
FN:173,_ZNSt15_Rb_tree_headerC2Ev
FNDA:176,_ZNSt15_Rb_tree_headerC2Ev
FN:206,_ZNSt15_Rb_tree_header8_M_resetEv
FNDA:191,_ZNSt15_Rb_tree_header8_M_resetEv
FN:234,_ZNSt13_Rb_tree_nodeISt4pairIKPKN5boost6system14error_categoryESt10unique_ptrINS2_6detail12std_categoryESt14default_deleteIS9_EEEE9_M_valptrEv
FNDA:0,_ZNSt13_Rb_tree_nodeISt4pairIKPKN5boost6system14error_categoryESt10unique_ptrINS2_6detail12std_categoryESt14default_deleteIS9_EEEE9_M_valptrEv
FN:238,_ZNKSt13_Rb_tree_nodeISt4pairIKPKN5boost6system14error_categoryESt10unique_ptrINS2_6detail12std_categoryESt14default_deleteIS9_EEEE9_M_valptrEv
FNDA:0,_ZNKSt13_Rb_tree_nodeISt4pairIKPKN5boost6system14error_categoryESt10unique_ptrINS2_6detail12std_categoryESt14default_deleteIS9_EEEE9_M_valptrEv
FN:273,_ZNSt17_Rb_tree_iteratorISt4pairIKPKN5boost6system14error_categoryESt10unique_ptrINS2_6detail12std_categoryESt14default_deleteIS9_EEEEC2EPSt18_Rb_tree_node_base
FNDA:0,_ZNSt17_Rb_tree_iteratorISt4pairIKPKN5boost6system14error_categoryESt10unique_ptrINS2_6detail12std_categoryESt14default_deleteIS9_EEEEC2EPSt18_Rb_tree_node_base
FN:281,_ZNKSt17_Rb_tree_iteratorISt4pairIKPKN5boost6system14error_categoryESt10unique_ptrINS2_6detail12std_categoryESt14default_deleteIS9_EEEEptEv
FNDA:0,_ZNKSt17_Rb_tree_iteratorISt4pairIKPKN5boost6system14error_categoryESt10unique_ptrINS2_6detail12std_categoryESt14default_deleteIS9_EEEEptEv
FN:300,_ZNSt17_Rb_tree_iteratorISt4pairIKPKN5boost6system14error_categoryESt10unique_ptrINS2_6detail12std_categoryESt14default_deleteIS9_EEEEmmEv
FNDA:0,_ZNSt17_Rb_tree_iteratorISt4pairIKPKN5boost6system14error_categoryESt10unique_ptrINS2_6detail12std_categoryESt14default_deleteIS9_EEEEmmEv
FN:315,_ZSteqRKSt17_Rb_tree_iteratorISt4pairIKPKN5boost6system14error_categoryESt10unique_ptrINS2_6detail12std_categoryESt14default_deleteIS9_EEEESG_
FNDA:0,_ZSteqRKSt17_Rb_tree_iteratorISt4pairIKPKN5boost6system14error_categoryESt10unique_ptrINS2_6detail12std_categoryESt14default_deleteIS9_EEEESG_
FN:523,_ZNSt8_Rb_treeIPKN5boost6system14error_categoryESt4pairIKS4_St10unique_ptrINS1_6detail12std_categoryESt14default_deleteIS9_EEESt10_Select1stISD_ENS8_12cat_ptr_lessESaISD_EE11_Alloc_nodeC2ERSI_
FNDA:0,_ZNSt8_Rb_treeIPKN5boost6system14error_categoryESt4pairIKS4_St10unique_ptrINS1_6detail12std_categoryESt14default_deleteIS9_EEESt10_Select1stISD_ENS8_12cat_ptr_lessESaISD_EE11_Alloc_nodeC2ERSI_
FN:528,_ZNKSt8_Rb_treeIPKN5boost6system14error_categoryESt4pairIKS4_St10unique_ptrINS1_6detail12std_categoryESt14default_deleteIS9_EEESt10_Select1stISD_ENS8_12cat_ptr_lessESaISD_EE11_Alloc_nodeclISD_EEPSt13_Rb_tree_nodeISD_EOT_
FNDA:0,_ZNKSt8_Rb_treeIPKN5boost6system14error_categoryESt4pairIKS4_St10unique_ptrINS1_6detail12std_categoryESt14default_deleteIS9_EEESt10_Select1stISD_ENS8_12cat_ptr_lessESaISD_EE11_Alloc_nodeclISD_EEPSt13_Rb_tree_nodeISD_EOT_
FN:547,_ZNSt8_Rb_treeIPKN5boost6system14error_categoryESt4pairIKS4_St10unique_ptrINS1_6detail12std_categoryESt14default_deleteIS9_EEESt10_Select1stISD_ENS8_12cat_ptr_lessESaISD_EE21_M_get_Node_allocatorEv
FNDA:0,_ZNSt8_Rb_treeIPKN5boost6system14error_categoryESt4pairIKS4_St10unique_ptrINS1_6detail12std_categoryESt14default_deleteIS9_EEESt10_Select1stISD_ENS8_12cat_ptr_lessESaISD_EE21_M_get_Node_allocatorEv
FN:560,_ZNSt8_Rb_treeIPKN5boost6system14error_categoryESt4pairIKS4_St10unique_ptrINS1_6detail12std_categoryESt14default_deleteIS9_EEESt10_Select1stISD_ENS8_12cat_ptr_lessESaISD_EE11_M_get_nodeEv
FNDA:0,_ZNSt8_Rb_treeIPKN5boost6system14error_categoryESt4pairIKS4_St10unique_ptrINS1_6detail12std_categoryESt14default_deleteIS9_EEESt10_Select1stISD_ENS8_12cat_ptr_lessESaISD_EE11_M_get_nodeEv
FN:564,_ZNSt8_Rb_treeIPKN5boost6system14error_categoryESt4pairIKS4_St10unique_ptrINS1_6detail12std_categoryESt14default_deleteIS9_EEESt10_Select1stISD_ENS8_12cat_ptr_lessESaISD_EE11_M_put_nodeEPSt13_Rb_tree_nodeISD_E
FNDA:0,_ZNSt8_Rb_treeIPKN5boost6system14error_categoryESt4pairIKS4_St10unique_ptrINS1_6detail12std_categoryESt14default_deleteIS9_EEESt10_Select1stISD_ENS8_12cat_ptr_lessESaISD_EE11_M_put_nodeEPSt13_Rb_tree_nodeISD_E
FN:590,_ZNSt8_Rb_treeIPKN5boost6system14error_categoryESt4pairIKS4_St10unique_ptrINS1_6detail12std_categoryESt14default_deleteIS9_EEESt10_Select1stISD_ENS8_12cat_ptr_lessESaISD_EE17_M_construct_nodeIJSD_EEEvPSt13_Rb_tree_nodeISD_EDpOT_
FNDA:0,_ZNSt8_Rb_treeIPKN5boost6system14error_categoryESt4pairIKS4_St10unique_ptrINS1_6detail12std_categoryESt14default_deleteIS9_EEESt10_Select1stISD_ENS8_12cat_ptr_lessESaISD_EE17_M_construct_nodeIJSD_EEEvPSt13_Rb_tree_nodeISD_EDpOT_
FN:609,_ZNSt8_Rb_treeIPKN5boost6system14error_categoryESt4pairIKS4_St10unique_ptrINS1_6detail12std_categoryESt14default_deleteIS9_EEESt10_Select1stISD_ENS8_12cat_ptr_lessESaISD_EE14_M_create_nodeIJSD_EEEPSt13_Rb_tree_nodeISD_EDpOT_
FNDA:0,_ZNSt8_Rb_treeIPKN5boost6system14error_categoryESt4pairIKS4_St10unique_ptrINS1_6detail12std_categoryESt14default_deleteIS9_EEESt10_Select1stISD_ENS8_12cat_ptr_lessESaISD_EE14_M_create_nodeIJSD_EEEPSt13_Rb_tree_nodeISD_EDpOT_
FN:618,_ZNSt8_Rb_treeIPKN5boost6system14error_categoryESt4pairIKS4_St10unique_ptrINS1_6detail12std_categoryESt14default_deleteIS9_EEESt10_Select1stISD_ENS8_12cat_ptr_lessESaISD_EE15_M_destroy_nodeEPSt13_Rb_tree_nodeISD_E
FNDA:0,_ZNSt8_Rb_treeIPKN5boost6system14error_categoryESt4pairIKS4_St10unique_ptrINS1_6detail12std_categoryESt14default_deleteIS9_EEESt10_Select1stISD_ENS8_12cat_ptr_lessESaISD_EE15_M_destroy_nodeEPSt13_Rb_tree_nodeISD_E
FN:629,_ZNSt8_Rb_treeIPKN5boost6system14error_categoryESt4pairIKS4_St10unique_ptrINS1_6detail12std_categoryESt14default_deleteIS9_EEESt10_Select1stISD_ENS8_12cat_ptr_lessESaISD_EE12_M_drop_nodeEPSt13_Rb_tree_nodeISD_E
FNDA:0,_ZNSt8_Rb_treeIPKN5boost6system14error_categoryESt4pairIKS4_St10unique_ptrINS1_6detail12std_categoryESt14default_deleteIS9_EEESt10_Select1stISD_ENS8_12cat_ptr_lessESaISD_EE12_M_drop_nodeEPSt13_Rb_tree_nodeISD_E
FN:667,_ZNSt8_Rb_treeIPKN5boost6system14error_categoryESt4pairIKS4_St10unique_ptrINS1_6detail12std_categoryESt14default_deleteIS9_EEESt10_Select1stISD_ENS8_12cat_ptr_lessESaISD_EE13_Rb_tree_implISG_Lb1EEC2Ev
FNDA:0,_ZNSt8_Rb_treeIPKN5boost6system14error_categoryESt4pairIKS4_St10unique_ptrINS1_6detail12std_categoryESt14default_deleteIS9_EEESt10_Select1stISD_ENS8_12cat_ptr_lessESaISD_EE13_Rb_tree_implISG_Lb1EEC2Ev
FN:734,_ZNKSt8_Rb_treeIPKN5boost6system14error_categoryESt4pairIKS4_St10unique_ptrINS1_6detail12std_categoryESt14default_deleteIS9_EEESt10_Select1stISD_ENS8_12cat_ptr_lessESaISD_EE9_M_mbeginEv
FNDA:0,_ZNKSt8_Rb_treeIPKN5boost6system14error_categoryESt4pairIKS4_St10unique_ptrINS1_6detail12std_categoryESt14default_deleteIS9_EEESt10_Select1stISD_ENS8_12cat_ptr_lessESaISD_EE9_M_mbeginEv
FN:738,_ZNSt8_Rb_treeIPKN5boost6system14error_categoryESt4pairIKS4_St10unique_ptrINS1_6detail12std_categoryESt14default_deleteIS9_EEESt10_Select1stISD_ENS8_12cat_ptr_lessESaISD_EE8_M_beginEv
FNDA:0,_ZNSt8_Rb_treeIPKN5boost6system14error_categoryESt4pairIKS4_St10unique_ptrINS1_6detail12std_categoryESt14default_deleteIS9_EEESt10_Select1stISD_ENS8_12cat_ptr_lessESaISD_EE8_M_beginEv
FN:749,_ZNSt8_Rb_treeIPKN5boost6system14error_categoryESt4pairIKS4_St10unique_ptrINS1_6detail12std_categoryESt14default_deleteIS9_EEESt10_Select1stISD_ENS8_12cat_ptr_lessESaISD_EE6_M_endEv
FNDA:0,_ZNSt8_Rb_treeIPKN5boost6system14error_categoryESt4pairIKS4_St10unique_ptrINS1_6detail12std_categoryESt14default_deleteIS9_EEESt10_Select1stISD_ENS8_12cat_ptr_lessESaISD_EE6_M_endEv
FN:757,_ZNSt8_Rb_treeIPKN5boost6system14error_categoryESt4pairIKS4_St10unique_ptrINS1_6detail12std_categoryESt14default_deleteIS9_EEESt10_Select1stISD_ENS8_12cat_ptr_lessESaISD_EE6_S_keyEPKSt13_Rb_tree_nodeISD_E
FNDA:0,_ZNSt8_Rb_treeIPKN5boost6system14error_categoryESt4pairIKS4_St10unique_ptrINS1_6detail12std_categoryESt14default_deleteIS9_EEESt10_Select1stISD_ENS8_12cat_ptr_lessESaISD_EE6_S_keyEPKSt13_Rb_tree_nodeISD_E
FN:779,_ZNSt8_Rb_treeIPKN5boost6system14error_categoryESt4pairIKS4_St10unique_ptrINS1_6detail12std_categoryESt14default_deleteIS9_EEESt10_Select1stISD_ENS8_12cat_ptr_lessESaISD_EE7_S_leftEPSt18_Rb_tree_node_base
FNDA:0,_ZNSt8_Rb_treeIPKN5boost6system14error_categoryESt4pairIKS4_St10unique_ptrINS1_6detail12std_categoryESt14default_deleteIS9_EEESt10_Select1stISD_ENS8_12cat_ptr_lessESaISD_EE7_S_leftEPSt18_Rb_tree_node_base
FN:787,_ZNSt8_Rb_treeIPKN5boost6system14error_categoryESt4pairIKS4_St10unique_ptrINS1_6detail12std_categoryESt14default_deleteIS9_EEESt10_Select1stISD_ENS8_12cat_ptr_lessESaISD_EE8_S_rightEPSt18_Rb_tree_node_base
FNDA:0,_ZNSt8_Rb_treeIPKN5boost6system14error_categoryESt4pairIKS4_St10unique_ptrINS1_6detail12std_categoryESt14default_deleteIS9_EEESt10_Select1stISD_ENS8_12cat_ptr_lessESaISD_EE8_S_rightEPSt18_Rb_tree_node_base
FN:795,_ZNSt8_Rb_treeIPKN5boost6system14error_categoryESt4pairIKS4_St10unique_ptrINS1_6detail12std_categoryESt14default_deleteIS9_EEESt10_Select1stISD_ENS8_12cat_ptr_lessESaISD_EE6_S_keyEPKSt18_Rb_tree_node_base
FNDA:0,_ZNSt8_Rb_treeIPKN5boost6system14error_categoryESt4pairIKS4_St10unique_ptrINS1_6detail12std_categoryESt14default_deleteIS9_EEESt10_Select1stISD_ENS8_12cat_ptr_lessESaISD_EE6_S_keyEPKSt18_Rb_tree_node_base
FN:928,_ZNSt8_Rb_treeIPKN5boost6system14error_categoryESt4pairIKS4_St10unique_ptrINS1_6detail12std_categoryESt14default_deleteIS9_EEESt10_Select1stISD_ENS8_12cat_ptr_lessESaISD_EEC2Ev
FNDA:0,_ZNSt8_Rb_treeIPKN5boost6system14error_categoryESt4pairIKS4_St10unique_ptrINS1_6detail12std_categoryESt14default_deleteIS9_EEESt10_Select1stISD_ENS8_12cat_ptr_lessESaISD_EEC2Ev
FN:983,_ZNSt8_Rb_treeIPKN5boost6system14error_categoryESt4pairIKS4_St10unique_ptrINS1_6detail12std_categoryESt14default_deleteIS9_EEESt10_Select1stISD_ENS8_12cat_ptr_lessESaISD_EED2Ev
FNDA:0,_ZNSt8_Rb_treeIPKN5boost6system14error_categoryESt4pairIKS4_St10unique_ptrINS1_6detail12std_categoryESt14default_deleteIS9_EEESt10_Select1stISD_ENS8_12cat_ptr_lessESaISD_EED2Ev
FN:995,_ZNSt8_Rb_treeIPKN5boost6system14error_categoryESt4pairIKS4_St10unique_ptrINS1_6detail12std_categoryESt14default_deleteIS9_EEESt10_Select1stISD_ENS8_12cat_ptr_lessESaISD_EE5beginEv
FNDA:0,_ZNSt8_Rb_treeIPKN5boost6system14error_categoryESt4pairIKS4_St10unique_ptrINS1_6detail12std_categoryESt14default_deleteIS9_EEESt10_Select1stISD_ENS8_12cat_ptr_lessESaISD_EE5beginEv
FN:1003,_ZNSt8_Rb_treeIPKN5boost6system14error_categoryESt4pairIKS4_St10unique_ptrINS1_6detail12std_categoryESt14default_deleteIS9_EEESt10_Select1stISD_ENS8_12cat_ptr_lessESaISD_EE3endEv
FNDA:0,_ZNSt8_Rb_treeIPKN5boost6system14error_categoryESt4pairIKS4_St10unique_ptrINS1_6detail12std_categoryESt14default_deleteIS9_EEESt10_Select1stISD_ENS8_12cat_ptr_lessESaISD_EE3endEv
FN:1771,_ZNSt8_Rb_treeIPKN5boost6system14error_categoryESt4pairIKS4_St10unique_ptrINS1_6detail12std_categoryESt14default_deleteIS9_EEESt10_Select1stISD_ENS8_12cat_ptr_lessESaISD_EE10_M_insert_ISD_NSI_11_Alloc_nodeEEESt17_Rb_tree_iteratorISD_EPSt18_Rb_tree_node_baseSO_OT_RT0_
FNDA:0,_ZNSt8_Rb_treeIPKN5boost6system14error_categoryESt4pairIKS4_St10unique_ptrINS1_6detail12std_categoryESt14default_deleteIS9_EEESt10_Select1stISD_ENS8_12cat_ptr_lessESaISD_EE10_M_insert_ISD_NSI_11_Alloc_nodeEEESt17_Rb_tree_iteratorISD_EPSt18_Rb_tree_node_baseSO_OT_RT0_
FN:1883,_ZNSt8_Rb_treeIPKN5boost6system14error_categoryESt4pairIKS4_St10unique_ptrINS1_6detail12std_categoryESt14default_deleteIS9_EEESt10_Select1stISD_ENS8_12cat_ptr_lessESaISD_EE8_M_eraseEPSt13_Rb_tree_nodeISD_E
FNDA:0,_ZNSt8_Rb_treeIPKN5boost6system14error_categoryESt4pairIKS4_St10unique_ptrINS1_6detail12std_categoryESt14default_deleteIS9_EEESt10_Select1stISD_ENS8_12cat_ptr_lessESaISD_EE8_M_eraseEPSt13_Rb_tree_nodeISD_E
FN:1900,_ZNSt8_Rb_treeIPKN5boost6system14error_categoryESt4pairIKS4_St10unique_ptrINS1_6detail12std_categoryESt14default_deleteIS9_EEESt10_Select1stISD_ENS8_12cat_ptr_lessESaISD_EE14_M_lower_boundEPSt13_Rb_tree_nodeISD_EPSt18_Rb_tree_node_baseRS6_
FNDA:0,_ZNSt8_Rb_treeIPKN5boost6system14error_categoryESt4pairIKS4_St10unique_ptrINS1_6detail12std_categoryESt14default_deleteIS9_EEESt10_Select1stISD_ENS8_12cat_ptr_lessESaISD_EE14_M_lower_boundEPSt13_Rb_tree_nodeISD_EPSt18_Rb_tree_node_baseRS6_
FN:2061,_ZNSt8_Rb_treeIPKN5boost6system14error_categoryESt4pairIKS4_St10unique_ptrINS1_6detail12std_categoryESt14default_deleteIS9_EEESt10_Select1stISD_ENS8_12cat_ptr_lessESaISD_EE24_M_get_insert_unique_posERS6_
FNDA:0,_ZNSt8_Rb_treeIPKN5boost6system14error_categoryESt4pairIKS4_St10unique_ptrINS1_6detail12std_categoryESt14default_deleteIS9_EEESt10_Select1stISD_ENS8_12cat_ptr_lessESaISD_EE24_M_get_insert_unique_posERS6_
FN:2115,_ZNSt8_Rb_treeIPKN5boost6system14error_categoryESt4pairIKS4_St10unique_ptrINS1_6detail12std_categoryESt14default_deleteIS9_EEESt10_Select1stISD_ENS8_12cat_ptr_lessESaISD_EE16_M_insert_uniqueISD_EES5_ISt17_Rb_tree_iteratorISD_EbEOT_
FNDA:0,_ZNSt8_Rb_treeIPKN5boost6system14error_categoryESt4pairIKS4_St10unique_ptrINS1_6detail12std_categoryESt14default_deleteIS9_EEESt10_Select1stISD_ENS8_12cat_ptr_lessESaISD_EE16_M_insert_uniqueISD_EES5_ISt17_Rb_tree_iteratorISD_EbEOT_
FN:2520,_ZNSt8_Rb_treeIPKN5boost6system14error_categoryESt4pairIKS4_St10unique_ptrINS1_6detail12std_categoryESt14default_deleteIS9_EEESt10_Select1stISD_ENS8_12cat_ptr_lessESaISD_EE4findERS6_
FNDA:0,_ZNSt8_Rb_treeIPKN5boost6system14error_categoryESt4pairIKS4_St10unique_ptrINS1_6detail12std_categoryESt14default_deleteIS9_EEESt10_Select1stISD_ENS8_12cat_ptr_lessESaISD_EE4findERS6_
DA:146,0
DA:150,0
DA:173,176
DA:174,176
DA:175,176
DA:176,176
DA:177,176
DA:206,191
DA:208,191
DA:209,191
DA:210,191
DA:211,191
DA:212,191
DA:234,0
DA:235,0
DA:238,0
DA:239,0
DA:273,0
DA:274,0
DA:281,0
DA:282,0
DA:300,0
DA:302,0
DA:303,0
DA:315,0
DA:316,0
DA:523,0
DA:524,0
DA:528,0
DA:529,0
DA:547,0
DA:548,0
DA:560,0
DA:561,0
DA:564,0
DA:565,0
DA:590,0
DA:594,0
DA:595,0
DA:605,0
DA:609,0
DA:611,0
DA:612,0
DA:613,0
DA:618,0
DA:623,0
DA:624,0
DA:626,0
DA:629,0
DA:631,0
DA:632,0
DA:633,0
DA:667,0
DA:671,0
DA:672,0
DA:734,0
DA:735,0
DA:738,0
DA:739,0
DA:749,0
DA:750,0
DA:757,0
DA:775,0
DA:779,0
DA:780,0
DA:787,0
DA:788,0
DA:795,0
DA:796,0
DA:928,0
DA:983,0
DA:984,0
DA:995,0
DA:996,0
DA:1003,0
DA:1004,0
DA:1771,0
DA:1780,0
DA:1781,0
DA:1782,0
DA:1784,0
DA:1786,0
DA:1787,0
DA:1788,0
DA:1789,0
DA:1883,0
DA:1887,0
DA:1889,0
DA:1890,0
DA:1891,0
DA:1892,0
DA:1894,0
DA:1900,0
DA:1904,0
DA:1905,0
DA:1906,0
DA:1908,0
DA:1909,0
DA:2061,0
DA:2065,0
DA:2066,0
DA:2067,0
DA:2068,0
DA:2070,0
DA:2071,0
DA:2072,0
DA:2074,0
DA:2075,0
DA:2077,0
DA:2078,0
DA:2080,0
DA:2082,0
DA:2083,0
DA:2084,0
DA:2115,0
DA:2124,0
DA:2126,0
DA:2128,0
DA:2129,0
DA:2131,0
DA:2134,0
DA:2520,0
DA:2523,0
DA:2524,0
DA:2525,0
DA:2526,0
end_of_record
SF:/usr/include/c++/11/bits/fs_ops.h
FN:128,_ZNSt10filesystem6existsENS_11file_statusE
FNDA:131,_ZNSt10filesystem6existsENS_11file_statusE
FN:133,_ZNSt10filesystem6existsERKNS_7__cxx114pathE
FNDA:131,_ZNSt10filesystem6existsERKNS_7__cxx114pathE
FN:363,_ZNSt10filesystem12status_knownENS_11file_statusE
FNDA:131,_ZNSt10filesystem12status_knownENS_11file_statusE
DA:128,131
DA:129,131
DA:133,131
DA:134,131
DA:363,131
DA:364,131
end_of_record
SF:/usr/include/boost/system/detail/generic_category.hpp
FN:25,_ZN5boost6system6detail17strerror_r_helperEPKcS3_
FNDA:0,_ZN5boost6system6detail17strerror_r_helperEPKcS3_
FN:35,_ZN5boost6system6detail30generic_error_category_messageEiPcm
FNDA:0,_ZN5boost6system6detail30generic_error_category_messageEiPcm
FN:40,_ZN5boost6system6detail30generic_error_category_messageB5cxx11Ei
FNDA:0,_ZN5boost6system6detail30generic_error_category_messageB5cxx11Ei
DA:25,0
DA:27,0
DA:35,0
DA:37,0
DA:40,0
DA:43,0
end_of_record
SF:/usr/include/c++/11/bits/move.h
FN:49,_ZSt11__addressofISt10unique_ptrI14BaseControllerSt14default_deleteIS1_EEEPT_RS5_
FNDA:1985,_ZSt11__addressofISt10unique_ptrI14BaseControllerSt14default_deleteIS1_EEEPT_RS5_
FN:49,_ZSt11__addressofIcEPT_RS0_
FNDA:20315,_ZSt11__addressofIcEPT_RS0_
FN:49,_ZSt11__addressofIKcEPT_RS1_
FNDA:49776,_ZSt11__addressofIKcEPT_RS1_
FN:77,_ZSt7forwardISt14default_deleteI22PlayingMediaControllerEEOT_RNSt16remove_referenceIS3_E4typeE
FNDA:429,_ZSt7forwardISt14default_deleteI22PlayingMediaControllerEEOT_RNSt16remove_referenceIS3_E4typeE
FN:77,_ZSt7forwardIiEOT_RNSt16remove_referenceIS0_E4typeE
FNDA:325,_ZSt7forwardIiEOT_RNSt16remove_referenceIS0_E4typeE
FN:77,_ZSt7forwardIbEOT_RNSt16remove_referenceIS0_E4typeE
FNDA:0,_ZSt7forwardIbEOT_RNSt16remove_referenceIS0_E4typeE
FN:77,_ZSt7forwardIPKN5boost6system14error_categoryEEOT_RNSt16remove_referenceIS5_E4typeE
FNDA:0,_ZSt7forwardIPKN5boost6system14error_categoryEEOT_RNSt16remove_referenceIS5_E4typeE
FN:77,_ZSt7forwardISt10unique_ptrIN5boost6system6detail12std_categoryESt14default_deleteIS4_EEEOT_RNSt16remove_referenceIS8_E4typeE
FNDA:0,_ZSt7forwardISt10unique_ptrIN5boost6system6detail12std_categoryESt14default_deleteIS4_EEEOT_RNSt16remove_referenceIS8_E4typeE
FN:77,_ZSt7forwardISt14default_deleteI18MainMenuControllerEEOT_RNSt16remove_referenceIS3_E4typeE
FNDA:415,_ZSt7forwardISt14default_deleteI18MainMenuControllerEEOT_RNSt16remove_referenceIS3_E4typeE
FN:77,_ZSt7forwardISt14default_deleteI21ScanfOptionControllerEEOT_RNSt16remove_referenceIS3_E4typeE
FNDA:429,_ZSt7forwardISt14default_deleteI21ScanfOptionControllerEEOT_RNSt16remove_referenceIS3_E4typeE
FN:77,_ZSt7forwardISt14default_deleteI18PlaylistControllerEEOT_RNSt16remove_referenceIS3_E4typeE
FNDA:418,_ZSt7forwardISt14default_deleteI18PlaylistControllerEEOT_RNSt16remove_referenceIS3_E4typeE
FN:77,_ZSt7forwardISt14default_deleteI19MediaFileControllerEEOT_RNSt16remove_referenceIS3_E4typeE
FNDA:432,_ZSt7forwardISt14default_deleteI19MediaFileControllerEEOT_RNSt16remove_referenceIS3_E4typeE
FN:77,_ZSt7forwardISt14default_deleteI26DetailedPlaylistControllerEEOT_RNSt16remove_referenceIS3_E4typeE
FNDA:421,_ZSt7forwardISt14default_deleteI26DetailedPlaylistControllerEEOT_RNSt16remove_referenceIS3_E4typeE
FN:77,_ZSt7forwardISt14default_deleteI18MetadataControllerEEOT_RNSt16remove_referenceIS3_E4typeE
FNDA:420,_ZSt7forwardISt14default_deleteI18MetadataControllerEEOT_RNSt16remove_referenceIS3_E4typeE
FN:77,_ZSt7forwardIRA13_KcEOT_RNSt16remove_referenceIS3_E4typeE
FNDA:121,_ZSt7forwardIRA13_KcEOT_RNSt16remove_referenceIS3_E4typeE
FN:77,_ZSt7forwardISt14default_deleteI18HardwareControllerEEOT_RNSt16remove_referenceIS3_E4typeE
FNDA:424,_ZSt7forwardISt14default_deleteI18HardwareControllerEEOT_RNSt16remove_referenceIS3_E4typeE
FN:77,_ZSt7forwardISt4pairIKPKN5boost6system14error_categoryESt10unique_ptrINS2_6detail12std_categoryESt14default_deleteIS9_EEEEOT_RNSt16remove_referenceISE_E4typeE
FNDA:0,_ZSt7forwardISt4pairIKPKN5boost6system14error_categoryESt10unique_ptrINS2_6detail12std_categoryESt14default_deleteIS9_EEEEOT_RNSt16remove_referenceISE_E4typeE
FN:77,_ZSt7forwardIRPSt18_Rb_tree_node_baseEOT_RNSt16remove_referenceIS3_E4typeE
FNDA:521,_ZSt7forwardIRPSt18_Rb_tree_node_baseEOT_RNSt16remove_referenceIS3_E4typeE
FN:77,_ZSt7forwardISt10unique_ptrI14BaseControllerSt14default_deleteIS1_EEEOT_RNSt16remove_referenceIS5_E4typeE
FNDA:2898,_ZSt7forwardISt10unique_ptrI14BaseControllerSt14default_deleteIS1_EEEOT_RNSt16remove_referenceIS5_E4typeE
FN:77,_ZSt7forwardIRPSt13_Rb_tree_nodeISt4pairIKPKN5boost6system14error_categoryESt10unique_ptrINS3_6detail12std_categoryESt14default_deleteISA_EEEEEOT_RNSt16remove_referenceISI_E4typeE
FNDA:0,_ZSt7forwardIRPSt13_Rb_tree_nodeISt4pairIKPKN5boost6system14error_categoryESt10unique_ptrINS3_6detail12std_categoryESt14default_deleteISA_EEEEEOT_RNSt16remove_referenceISI_E4typeE
FN:77,_ZSt7forwardISt17_Rb_tree_iteratorISt4pairIKPKN5boost6system14error_categoryESt10unique_ptrINS3_6detail12std_categoryESt14default_deleteISA_EEEEEOT_RNSt16remove_referenceISG_E4typeE
FNDA:0,_ZSt7forwardISt17_Rb_tree_iteratorISt4pairIKPKN5boost6system14error_categoryESt10unique_ptrINS3_6detail12std_categoryESt14default_deleteISA_EEEEEOT_RNSt16remove_referenceISG_E4typeE
FN:77,_ZSt7forwardIRP14BaseControllerEOT_RNSt16remove_referenceIS3_E4typeE
FNDA:1656,_ZSt7forwardIRP14BaseControllerEOT_RNSt16remove_referenceIS3_E4typeE
FN:104,_ZSt4moveIRSt5tupleIJP14BaseControllerSt14default_deleteIS1_EEEEONSt16remove_referenceIT_E4typeEOS8_
FNDA:1035,_ZSt4moveIRSt5tupleIJP14BaseControllerSt14default_deleteIS1_EEEEONSt16remove_referenceIT_E4typeEOS8_
FN:104,_ZSt4moveIRP18HardwareControllerEONSt16remove_referenceIT_E4typeEOS4_
FNDA:34,_ZSt4moveIRP18HardwareControllerEONSt16remove_referenceIT_E4typeEOS4_
FN:104,_ZSt4moveIRSt10unique_ptrIN5boost6system6detail12std_categoryESt14default_deleteIS4_EEEONSt16remove_referenceIT_E4typeEOSA_
FNDA:0,_ZSt4moveIRSt10unique_ptrIN5boost6system6detail12std_categoryESt14default_deleteIS4_EEEONSt16remove_referenceIT_E4typeEOSA_
FN:104,_ZSt4moveIRPNSt10filesystem7__cxx114path5_List5_ImplEEONSt16remove_referenceIT_E4typeEOS8_
FNDA:324,_ZSt4moveIRPNSt10filesystem7__cxx114path5_List5_ImplEEONSt16remove_referenceIT_E4typeEOS8_
FN:104,_ZSt4moveIRPN5boost6system6detail12std_categoryEEONSt16remove_referenceIT_E4typeEOS7_
FNDA:0,_ZSt4moveIRPN5boost6system6detail12std_categoryEEONSt16remove_referenceIT_E4typeEOS7_
FN:104,_ZSt4moveIRSt4pairIKPKN5boost6system14error_categoryESt10unique_ptrINS2_6detail12std_categoryESt14default_deleteIS9_EEEEONSt16remove_referenceIT_E4typeEOSG_
FNDA:0,_ZSt4moveIRSt4pairIKPKN5boost6system14error_categoryESt10unique_ptrINS2_6detail12std_categoryESt14default_deleteIS9_EEEEONSt16remove_referenceIT_E4typeEOSG_
FN:104,_ZSt4moveIRP18MainMenuControllerEONSt16remove_referenceIT_E4typeEOS4_
FNDA:1,_ZSt4moveIRP18MainMenuControllerEONSt16remove_referenceIT_E4typeEOS4_
FN:104,_ZSt4moveIRP14BaseControllerEONSt16remove_referenceIT_E4typeEOS4_
FNDA:536,_ZSt4moveIRP14BaseControllerEONSt16remove_referenceIT_E4typeEOS4_
FN:104,_ZSt4moveIRSt10unique_ptrI14BaseControllerSt14default_deleteIS1_EEEONSt16remove_referenceIT_E4typeEOS7_
FNDA:1035,_ZSt4moveIRSt10unique_ptrI14BaseControllerSt14default_deleteIS1_EEEONSt16remove_referenceIT_E4typeEOS7_
FN:104,_ZSt4moveIRP21ScanfOptionControllerEONSt16remove_referenceIT_E4typeEOS4_
FNDA:19,_ZSt4moveIRP21ScanfOptionControllerEONSt16remove_referenceIT_E4typeEOS4_
FN:104,_ZSt4moveIRP18PlaylistControllerEONSt16remove_referenceIT_E4typeEOS4_
FNDA:6,_ZSt4moveIRP18PlaylistControllerEONSt16remove_referenceIT_E4typeEOS4_
FN:104,_ZSt4moveIRP19MediaFileControllerEONSt16remove_referenceIT_E4typeEOS4_
FNDA:11,_ZSt4moveIRP19MediaFileControllerEONSt16remove_referenceIT_E4typeEOS4_
[...]
DA:560,0
DA:561,0
end_of_record
SF:/usr/include/boost/asio/detail/tss_ptr.hpp
end_of_record
SF:/usr/include/c++/11/bits/stl_vector.h
FN:97,_ZNSt12_Vector_baseINSt7__cxx1112basic_stringIcSt11char_traitsIcESaIcEEESaIS5_EE17_Vector_impl_dataC2Ev
FNDA:580,_ZNSt12_Vector_baseINSt7__cxx1112basic_stringIcSt11char_traitsIcESaIcEEESaIS5_EE17_Vector_impl_dataC2Ev
FN:97,_ZNSt12_Vector_baseISt10shared_ptrI8PlaylistESaIS2_EE17_Vector_impl_dataC2Ev
FNDA:124,_ZNSt12_Vector_baseISt10shared_ptrI8PlaylistESaIS2_EE17_Vector_impl_dataC2Ev
FN:131,_ZNSt12_Vector_baseISt10shared_ptrI8PlaylistESaIS2_EE12_Vector_implC2Ev
FNDA:120,_ZNSt12_Vector_baseISt10shared_ptrI8PlaylistESaIS2_EE12_Vector_implC2Ev
FN:131,_ZNSt12_Vector_baseINSt7__cxx1112basic_stringIcSt11char_traitsIcESaIcEEESaIS5_EE12_Vector_implC2Ev
FNDA:4,_ZNSt12_Vector_baseINSt7__cxx1112basic_stringIcSt11char_traitsIcESaIcEEESaIS5_EE12_Vector_implC2Ev
FN:276,_ZNSt12_Vector_baseISt10shared_ptrI8PlaylistESaIS2_EE19_M_get_Tp_allocatorEv
FNDA:140,_ZNSt12_Vector_baseISt10shared_ptrI8PlaylistESaIS2_EE19_M_get_Tp_allocatorEv
FN:276,_ZNSt12_Vector_baseINSt7__cxx1112basic_stringIcSt11char_traitsIcESaIcEEESaIS5_EE19_M_get_Tp_allocatorEv
FNDA:1744,_ZNSt12_Vector_baseINSt7__cxx1112basic_stringIcSt11char_traitsIcESaIcEEESaIS5_EE19_M_get_Tp_allocatorEv
FN:280,_ZNKSt12_Vector_baseINSt7__cxx1112basic_stringIcSt11char_traitsIcESaIcEEESaIS5_EE19_M_get_Tp_allocatorEv
FNDA:10,_ZNKSt12_Vector_baseINSt7__cxx1112basic_stringIcSt11char_traitsIcESaIcEEESaIS5_EE19_M_get_Tp_allocatorEv
FN:280,_ZNKSt12_Vector_baseISt10shared_ptrI8PlaylistESaIS2_EE19_M_get_Tp_allocatorEv
FNDA:8,_ZNKSt12_Vector_baseISt10shared_ptrI8PlaylistESaIS2_EE19_M_get_Tp_allocatorEv
FN:288,_ZNSt12_Vector_baseISt10shared_ptrI8PlaylistESaIS2_EEC2Ev
FNDA:120,_ZNSt12_Vector_baseISt10shared_ptrI8PlaylistESaIS2_EEC2Ev
FN:288,_ZNSt12_Vector_baseINSt7__cxx1112basic_stringIcSt11char_traitsIcESaIcEEESaIS5_EEC2Ev
FNDA:4,_ZNSt12_Vector_baseINSt7__cxx1112basic_stringIcSt11char_traitsIcESaIcEEESaIS5_EEC2Ev
FN:333,_ZNSt12_Vector_baseINSt7__cxx1112basic_stringIcSt11char_traitsIcESaIcEEESaIS5_EED2Ev
FNDA:582,_ZNSt12_Vector_baseINSt7__cxx1112basic_stringIcSt11char_traitsIcESaIcEEESaIS5_EED2Ev
FN:333,_ZNSt12_Vector_baseISt10shared_ptrI8PlaylistESaIS2_EED2Ev
FNDA:124,_ZNSt12_Vector_baseISt10shared_ptrI8PlaylistESaIS2_EED2Ev
FN:343,_ZNSt12_Vector_baseISt10shared_ptrI8PlaylistESaIS2_EE11_M_allocateEm
FNDA:8,_ZNSt12_Vector_baseISt10shared_ptrI8PlaylistESaIS2_EE11_M_allocateEm
FN:343,_ZNSt12_Vector_baseINSt7__cxx1112basic_stringIcSt11char_traitsIcESaIcEEESaIS5_EE11_M_allocateEm
FNDA:581,_ZNSt12_Vector_baseINSt7__cxx1112basic_stringIcSt11char_traitsIcESaIcEEESaIS5_EE11_M_allocateEm
FN:350,_ZNSt12_Vector_baseISt10shared_ptrI8PlaylistESaIS2_EE13_M_deallocateEPS2_m
FNDA:128,_ZNSt12_Vector_baseISt10shared_ptrI8PlaylistESaIS2_EE13_M_deallocateEPS2_m
FN:350,_ZNSt12_Vector_baseINSt7__cxx1112basic_stringIcSt11char_traitsIcESaIcEEESaIS5_EE13_M_deallocateEPS5_m
FNDA:587,_ZNSt12_Vector_baseINSt7__cxx1112basic_stringIcSt11char_traitsIcESaIcEEESaIS5_EE13_M_deallocateEPS5_m
FN:453,_ZNSt6vectorINSt7__cxx1112basic_stringIcSt11char_traitsIcESaIcEEESaIS5_EE14_S_do_relocateEPS5_S8_S8_RS6_St17integral_constantIbLb1EE
FNDA:10,_ZNSt6vectorINSt7__cxx1112basic_stringIcSt11char_traitsIcESaIcEEESaIS5_EE14_S_do_relocateEPS5_S8_S8_RS6_St17integral_constantIbLb1EE
FN:453,_ZNSt6vectorISt10shared_ptrI8PlaylistESaIS2_EE14_S_do_relocateEPS2_S5_S5_RS3_St17integral_constantIbLb1EE
FNDA:8,_ZNSt6vectorISt10shared_ptrI8PlaylistESaIS2_EE14_S_do_relocateEPS2_S5_S5_RS3_St17integral_constantIbLb1EE
FN:465,_ZNSt6vectorISt10shared_ptrI8PlaylistESaIS2_EE11_S_relocateEPS2_S5_S5_RS3_
FNDA:8,_ZNSt6vectorISt10shared_ptrI8PlaylistESaIS2_EE11_S_relocateEPS2_S5_S5_RS3_
FN:465,_ZNSt6vectorINSt7__cxx1112basic_stringIcSt11char_traitsIcESaIcEEESaIS5_EE11_S_relocateEPS5_S8_S8_RS6_
FNDA:10,_ZNSt6vectorINSt7__cxx1112basic_stringIcSt11char_traitsIcESaIcEEESaIS5_EE11_S_relocateEPS5_S8_S8_RS6_
FN:487,_ZNSt6vectorISt10shared_ptrI8PlaylistESaIS2_EEC2Ev
FNDA:120,_ZNSt6vectorISt10shared_ptrI8PlaylistESaIS2_EEC2Ev
FN:487,_ZNSt6vectorINSt7__cxx1112basic_stringIcSt11char_traitsIcESaIcEEESaIS5_EEC2Ev
FNDA:4,_ZNSt6vectorINSt7__cxx1112basic_stringIcSt11char_traitsIcESaIcEEESaIS5_EEC2Ev
FN:678,_ZNSt6vectorINSt7__cxx1112basic_stringIcSt11char_traitsIcESaIcEEESaIS5_EED2Ev
FNDA:582,_ZNSt6vectorINSt7__cxx1112basic_stringIcSt11char_traitsIcESaIcEEESaIS5_EED2Ev
FN:678,_ZNSt6vectorISt10shared_ptrI8PlaylistESaIS2_EED2Ev
FNDA:124,_ZNSt6vectorISt10shared_ptrI8PlaylistESaIS2_EED2Ev
FN:811,_ZNSt6vectorINSt7__cxx1112basic_stringIcSt11char_traitsIcESaIcEEESaIS5_EE5beginEv
FNDA:7,_ZNSt6vectorINSt7__cxx1112basic_stringIcSt11char_traitsIcESaIcEEESaIS5_EE5beginEv
FN:811,_ZNSt6vectorISt10shared_ptrI8PlaylistESaIS2_EE5beginEv
FNDA:5,_ZNSt6vectorISt10shared_ptrI8PlaylistESaIS2_EE5beginEv
FN:820,_ZNKSt6vectorISt10shared_ptrI8PlaylistESaIS2_EE5beginEv
FNDA:6,_ZNKSt6vectorISt10shared_ptrI8PlaylistESaIS2_EE5beginEv
FN:820,_ZNKSt6vectorINSt7__cxx1112basic_stringIcSt11char_traitsIcESaIcEEESaIS5_EE5beginEv
FNDA:5,_ZNKSt6vectorINSt7__cxx1112basic_stringIcSt11char_traitsIcESaIcEEESaIS5_EE5beginEv
FN:829,_ZNSt6vectorISt10shared_ptrI8PlaylistESaIS2_EE3endEv
FNDA:6,_ZNSt6vectorISt10shared_ptrI8PlaylistESaIS2_EE3endEv
FN:829,_ZNSt6vectorINSt7__cxx1112basic_stringIcSt11char_traitsIcESaIcEEESaIS5_EE3endEv
FNDA:10,_ZNSt6vectorINSt7__cxx1112basic_stringIcSt11char_traitsIcESaIcEEESaIS5_EE3endEv
FN:838,_ZNKSt6vectorINSt7__cxx1112basic_stringIcSt11char_traitsIcESaIcEEESaIS5_EE3endEv
FNDA:4,_ZNKSt6vectorINSt7__cxx1112basic_stringIcSt11char_traitsIcESaIcEEESaIS5_EE3endEv
FN:838,_ZNKSt6vectorISt10shared_ptrI8PlaylistESaIS2_EE3endEv
FNDA:6,_ZNKSt6vectorISt10shared_ptrI8PlaylistESaIS2_EE3endEv
FN:918,_ZNKSt6vectorISt10shared_ptrI8PlaylistESaIS2_EE4sizeEv
FNDA:16,_ZNKSt6vectorISt10shared_ptrI8PlaylistESaIS2_EE4sizeEv
FN:918,_ZNKSt6vectorINSt7__cxx1112basic_stringIcSt11char_traitsIcESaIcEEESaIS5_EE4sizeEv
FNDA:25,_ZNKSt6vectorINSt7__cxx1112basic_stringIcSt11char_traitsIcESaIcEEESaIS5_EE4sizeEv
FN:923,_ZNKSt6vectorINSt7__cxx1112basic_stringIcSt11char_traitsIcESaIcEEESaIS5_EE8max_sizeEv
FNDA:10,_ZNKSt6vectorINSt7__cxx1112basic_stringIcSt11char_traitsIcESaIcEEESaIS5_EE8max_sizeEv
FN:923,_ZNKSt6vectorISt10shared_ptrI8PlaylistESaIS2_EE8max_sizeEv
FNDA:8,_ZNKSt6vectorISt10shared_ptrI8PlaylistESaIS2_EE8max_sizeEv
FN:1007,_ZNKSt6vectorISt10shared_ptrI8PlaylistESaIS2_EE5emptyEv
FNDA:2,_ZNKSt6vectorISt10shared_ptrI8PlaylistESaIS2_EE5emptyEv
FN:1007,_ZNKSt6vectorINSt7__cxx1112basic_stringIcSt11char_traitsIcESaIcEEESaIS5_EE5emptyEv
FNDA:3,_ZNKSt6vectorINSt7__cxx1112basic_stringIcSt11char_traitsIcESaIcEEESaIS5_EE5emptyEv
FN:1043,_ZNSt6vectorINSt7__cxx1112basic_stringIcSt11char_traitsIcESaIcEEESaIS5_EEixEm
FNDA:4,_ZNSt6vectorINSt7__cxx1112basic_stringIcSt11char_traitsIcESaIcEEESaIS5_EEixEm
FN:1143,_ZNSt6vectorINSt7__cxx1112basic_stringIcSt11char_traitsIcESaIcEEESaIS5_EE4backEv
FNDA:4,_ZNSt6vectorINSt7__cxx1112basic_stringIcSt11char_traitsIcESaIcEEESaIS5_EE4backEv
FN:1187,_ZNSt6vectorISt10shared_ptrI8PlaylistESaIS2_EE9push_backERKS2_
FNDA:3,_ZNSt6vectorISt10shared_ptrI8PlaylistESaIS2_EE9push_backERKS2_
FN:1203,_ZNSt6vectorINSt7__cxx1112basic_stringIcSt11char_traitsIcESaIcEEESaIS5_EE9push_backEOS5_
FNDA:4,_ZNSt6vectorINSt7__cxx1112basic_stringIcSt11char_traitsIcESaIcEEESaIS5_EE9push_backEOS5_
FN:1756,_ZNKSt6vectorISt10shared_ptrI8PlaylistESaIS2_EE12_M_check_lenEmPKc
FNDA:4,_ZNKSt6vectorISt10shared_ptrI8PlaylistESaIS2_EE12_M_check_lenEmPKc
FN:1756,_ZNKSt6vectorINSt7__cxx1112basic_stringIcSt11char_traitsIcESaIcEEESaIS5_EE12_M_check_lenEmPKc
FNDA:5,_ZNKSt6vectorINSt7__cxx1112basic_stringIcSt11char_traitsIcESaIcEEESaIS5_EE12_M_check_lenEmPKc
FN:1776,_ZNSt6vectorINSt7__cxx1112basic_stringIcSt11char_traitsIcESaIcEEESaIS5_EE11_S_max_sizeERKS6_
FNDA:586,_ZNSt6vectorINSt7__cxx1112basic_stringIcSt11char_traitsIcESaIcEEESaIS5_EE11_S_max_sizeERKS6_
FN:1776,_ZNSt6vectorISt10shared_ptrI8PlaylistESaIS2_EE11_S_max_sizeERKS3_
FNDA:12,_ZNSt6vectorISt10shared_ptrI8PlaylistESaIS2_EE11_S_max_sizeERKS3_
DA:97,580
DA:98,580
DA:99,580
DA:97,124
DA:98,124
DA:99,124
DA:131,4
DA:133,4
DA:134,4
DA:131,120
DA:133,120
DA:134,120
DA:276,140
DA:277,140
DA:276,1744
DA:277,1744
DA:280,10
DA:281,10
DA:280,8
DA:281,8
DA:288,4
DA:288,120
DA:333,582
DA:335,582
DA:336,582
DA:337,582
DA:333,124
DA:335,124
DA:336,124
DA:337,124
DA:343,8
DA:346,8
DA:343,581
DA:346,581
DA:350,587
DA:353,587
DA:354,582
DA:355,587
DA:350,128
DA:353,128
DA:354,8
DA:355,128
DA:453,10
DA:456,10
DA:453,8
DA:456,8
DA:465,10
DA:469,10
DA:465,8
DA:469,8
DA:487,4
DA:487,120
DA:678,124
DA:680,124
DA:681,124
DA:683,124
DA:678,582
DA:680,582
DA:681,582
DA:683,582
DA:811,7
DA:812,7
DA:811,5
DA:812,5
DA:820,6
DA:821,6
DA:820,5
DA:821,5
DA:829,10
DA:830,10
DA:829,6
DA:830,6
DA:838,6
DA:839,6
DA:838,4
DA:839,4
DA:918,16
DA:919,16
DA:918,25
DA:919,25
DA:923,10
DA:924,10
DA:923,8
DA:924,8
DA:1007,2
DA:1008,2
DA:1007,3
DA:1008,3
DA:1043,4
DA:1046,4
DA:1143,4
DA:1146,4
DA:1187,3
DA:1189,3
DA:1192,0
DA:1194,0
DA:1198,3
DA:1199,3
DA:1203,4
DA:1204,4
DA:1756,5
DA:1758,5
DA:1759,0
DA:1761,5
DA:1762,5
DA:1756,4
DA:1758,4
DA:1759,0
DA:1761,4
DA:1762,4
DA:1776,12
DA:1781,12
DA:1783,12
DA:1784,12
DA:1776,586
DA:1781,586
DA:1783,586
DA:1784,586
end_of_record
SF:/usr/include/x86_64-linux-gnu/c++/11/bits/gthr-default.h
FN:300,_ZL18__gthread_active_pv
FNDA:0,_ZL18__gthread_active_pv
FN:746,_ZL20__gthread_mutex_lockP15pthread_mutex_t
FNDA:0,_ZL20__gthread_mutex_lockP15pthread_mutex_t
FN:776,_ZL22__gthread_mutex_unlockP15pthread_mutex_t
FNDA:0,_ZL22__gthread_mutex_unlockP15pthread_mutex_t
DA:300,0
DA:302,0
DA:746,0
DA:748,0
DA:749,0
DA:751,0
DA:776,0
DA:778,0
DA:779,0
DA:781,0
end_of_record
SF:/usr/include/c++/11/ext/aligned_buffer.h
FN:64,_ZN9__gnu_cxx16__aligned_membufISt4pairIKNSt7__cxx1112basic_stringIcSt11char_traitsIcESaIcEEES7_EE7_M_addrEv
FNDA:1328,_ZN9__gnu_cxx16__aligned_membufISt4pairIKNSt7__cxx1112basic_stringIcSt11char_traitsIcESaIcEEES7_EE7_M_addrEv
FN:64,_ZN9__gnu_cxx16__aligned_membufISt4pairIKPKN5boost6system14error_categoryESt10unique_ptrINS3_6detail12std_categoryESt14default_deleteISA_EEEE7_M_addrEv
FNDA:0,_ZN9__gnu_cxx16__aligned_membufISt4pairIKPKN5boost6system14error_categoryESt10unique_ptrINS3_6detail12std_categoryESt14default_deleteISA_EEEE7_M_addrEv
FN:68,_ZNK9__gnu_cxx16__aligned_membufISt4pairIKPKN5boost6system14error_categoryESt10unique_ptrINS3_6detail12std_categoryESt14default_deleteISA_EEEE7_M_addrEv
FNDA:0,_ZNK9__gnu_cxx16__aligned_membufISt4pairIKPKN5boost6system14error_categoryESt10unique_ptrINS3_6detail12std_categoryESt14default_deleteISA_EEEE7_M_addrEv
FN:72,_ZN9__gnu_cxx16__aligned_membufISt4pairIKNSt7__cxx1112basic_stringIcSt11char_traitsIcESaIcEEES7_EE6_M_ptrEv
FNDA:1328,_ZN9__gnu_cxx16__aligned_membufISt4pairIKNSt7__cxx1112basic_stringIcSt11char_traitsIcESaIcEEES7_EE6_M_ptrEv
FN:72,_ZN9__gnu_cxx16__aligned_membufISt4pairIKPKN5boost6system14error_categoryESt10unique_ptrINS3_6detail12std_categoryESt14default_deleteISA_EEEE6_M_ptrEv
FNDA:0,_ZN9__gnu_cxx16__aligned_membufISt4pairIKPKN5boost6system14error_categoryESt10unique_ptrINS3_6detail12std_categoryESt14default_deleteISA_EEEE6_M_ptrEv
FN:76,_ZNK9__gnu_cxx16__aligned_membufISt4pairIKPKN5boost6system14error_categoryESt10unique_ptrINS3_6detail12std_categoryESt14default_deleteISA_EEEE6_M_ptrEv
FNDA:0,_ZNK9__gnu_cxx16__aligned_membufISt4pairIKPKN5boost6system14error_categoryESt10unique_ptrINS3_6detail12std_categoryESt14default_deleteISA_EEEE6_M_ptrEv
FN:102,_ZN9__gnu_cxx16__aligned_bufferI8PlaylistE7_M_addrEv
FNDA:0,_ZN9__gnu_cxx16__aligned_bufferI8PlaylistE7_M_addrEv
FN:102,_ZN9__gnu_cxx16__aligned_bufferI9MediaFileE7_M_addrEv
FNDA:135,_ZN9__gnu_cxx16__aligned_bufferI9MediaFileE7_M_addrEv
FN:114,_ZN9__gnu_cxx16__aligned_bufferI8PlaylistE6_M_ptrEv
FNDA:0,_ZN9__gnu_cxx16__aligned_bufferI8PlaylistE6_M_ptrEv
FN:114,_ZN9__gnu_cxx16__aligned_bufferI9MediaFileE6_M_ptrEv
FNDA:135,_ZN9__gnu_cxx16__aligned_bufferI9MediaFileE6_M_ptrEv
DA:64,1328
DA:65,1328
DA:64,0
DA:65,0
DA:68,0
DA:69,0
DA:72,1328
DA:73,1328
DA:72,0
DA:73,0
DA:76,0
DA:77,0
DA:102,0
DA:104,0
DA:102,135
DA:104,135
DA:114,0
DA:115,0
DA:114,135
DA:115,135
end_of_record
SF:/usr/include/c++/11/ext/alloc_traits.h
FN:97,_ZN9__gnu_cxx14__alloc_traitsISaIcEcE17_S_select_on_copyERKS1_
FNDA:0,_ZN9__gnu_cxx14__alloc_traitsISaIcEcE17_S_select_on_copyERKS1_
DA:97,0
DA:98,0
end_of_record
SF:/usr/include/c++/11/tuple
FN:80,_ZNSt10_Head_baseILm1ESt14default_deleteIN5boost6system6detail12std_categoryEELb1EEC2Ev
FNDA:0,_ZNSt10_Head_baseILm1ESt14default_deleteIN5boost6system6detail12std_categoryEELb1EEC2Ev
FN:124,_ZNSt10_Head_baseILm1ESt14default_deleteIN5boost6system6detail12std_categoryEELb1EE7_M_headERS6_
FNDA:0,_ZNSt10_Head_baseILm1ESt14default_deleteIN5boost6system6detail12std_categoryEELb1EE7_M_headERS6_
FN:124,_ZNSt10_Head_baseILm1ENSt10filesystem7__cxx114path5_List13_Impl_deleterELb1EE7_M_headERS5_
FNDA:0,_ZNSt10_Head_baseILm1ENSt10filesystem7__cxx114path5_List13_Impl_deleterELb1EE7_M_headERS5_
FN:189,_ZNSt10_Head_baseILm0EPN5boost6system6detail12std_categoryELb0EEC2Ev
FNDA:0,_ZNSt10_Head_baseILm0EPN5boost6system6detail12std_categoryELb0EEC2Ev
FN:233,_ZNSt10_Head_baseILm0EPN5boost6system6detail12std_categoryELb0EE7_M_headERS5_
FNDA:0,_ZNSt10_Head_baseILm0EPN5boost6system6detail12std_categoryELb0EE7_M_headERS5_
FN:233,_ZNSt10_Head_baseILm0EPNSt10filesystem7__cxx114path5_List5_ImplELb0EE7_M_headERS6_
FNDA:0,_ZNSt10_Head_baseILm0EPNSt10filesystem7__cxx114path5_List5_ImplELb0EE7_M_headERS6_
FN:236,_ZNSt10_Head_baseILm0EPN5boost6system6detail12std_categoryELb0EE7_M_headERKS5_
FNDA:0,_ZNSt10_Head_baseILm0EPN5boost6system6detail12std_categoryELb0EE7_M_headERKS5_
FN:236,_ZNSt10_Head_baseILm0EPNSt10filesystem7__cxx114path5_List5_ImplELb0EE7_M_headERKS6_
FNDA:168,_ZNSt10_Head_baseILm0EPNSt10filesystem7__cxx114path5_List5_ImplELb0EE7_M_headERKS6_
FN:268,_ZNSt11_Tuple_implILm0EJPNSt10filesystem7__cxx114path5_List5_ImplENS3_13_Impl_deleterEEE7_M_headERS7_
FNDA:0,_ZNSt11_Tuple_implILm0EJPNSt10filesystem7__cxx114path5_List5_ImplENS3_13_Impl_deleterEEE7_M_headERS7_
FN:268,_ZNSt11_Tuple_implILm0EJPN5boost6system6detail12std_categoryESt14default_deleteIS3_EEE7_M_headERS7_
FNDA:0,_ZNSt11_Tuple_implILm0EJPN5boost6system6detail12std_categoryESt14default_deleteIS3_EEE7_M_headERS7_
FN:271,_ZNSt11_Tuple_implILm0EJPNSt10filesystem7__cxx114path5_List5_ImplENS3_13_Impl_deleterEEE7_M_headERKS7_
FNDA:168,_ZNSt11_Tuple_implILm0EJPNSt10filesystem7__cxx114path5_List5_ImplENS3_13_Impl_deleterEEE7_M_headERKS7_
FN:271,_ZNSt11_Tuple_implILm0EJPN5boost6system6detail12std_categoryESt14default_deleteIS3_EEE7_M_headERKS7_
FNDA:0,_ZNSt11_Tuple_implILm0EJPN5boost6system6detail12std_categoryESt14default_deleteIS3_EEE7_M_headERKS7_
FN:279,_ZNSt11_Tuple_implILm0EJPN5boost6system6detail12std_categoryESt14default_deleteIS3_EEEC2Ev
FNDA:0,_ZNSt11_Tuple_implILm0EJPN5boost6system6detail12std_categoryESt14default_deleteIS3_EEEC2Ev
FN:301,_ZNSt11_Tuple_implILm0EJPN5boost6system6detail12std_categoryESt14default_deleteIS3_EEEC2EOS7_
FNDA:0,_ZNSt11_Tuple_implILm0EJPN5boost6system6detail12std_categoryESt14default_deleteIS3_EEEC2EOS7_
FN:424,_ZNSt11_Tuple_implILm1EJSt14default_deleteIN5boost6system6detail12std_categoryEEEE7_M_headERS6_
FNDA:0,_ZNSt11_Tuple_implILm1EJSt14default_deleteIN5boost6system6detail12std_categoryEEEE7_M_headERS6_
FN:424,_ZNSt11_Tuple_implILm1EJNSt10filesystem7__cxx114path5_List13_Impl_deleterEEE7_M_headERS5_
FNDA:0,_ZNSt11_Tuple_implILm1EJNSt10filesystem7__cxx114path5_List13_Impl_deleterEEE7_M_headERS5_
FN:430,_ZNSt11_Tuple_implILm1EJSt14default_deleteIN5boost6system6detail12std_categoryEEEEC2Ev
FNDA:0,_ZNSt11_Tuple_implILm1EJSt14default_deleteIN5boost6system6detail12std_categoryEEEEC2Ev
FN:454,_ZNSt11_Tuple_implILm1EJSt14default_deleteIN5boost6system6detail12std_categoryEEEEC2EOS6_
FNDA:0,_ZNSt11_Tuple_implILm1EJSt14default_deleteIN5boost6system6detail12std_categoryEEEEC2EOS6_
FN:1049,_ZNSt5tupleIJPN5boost6system6detail12std_categoryESt14default_deleteIS3_EEEC2ILb1ELb1EEEv
FNDA:0,_ZNSt5tupleIJPN5boost6system6detail12std_categoryESt14default_deleteIS3_EEEC2ILb1ELb1EEEv
FN:1090,_ZNSt5tupleIJPN5boost6system6detail12std_categoryESt14default_deleteIS3_EEEC2EOS7_
FNDA:0,_ZNSt5tupleIJPN5boost6system6detail12std_categoryESt14default_deleteIS3_EEEC2EOS7_
FN:1377,_ZSt12__get_helperILm1ENSt10filesystem7__cxx114path5_List13_Impl_deleterEJEERT0_RSt11_Tuple_implIXT_EJS5_DpT1_EE
FNDA:0,_ZSt12__get_helperILm1ENSt10filesystem7__cxx114path5_List13_Impl_deleterEJEERT0_RSt11_Tuple_implIXT_EJS5_DpT1_EE
FN:1377,_ZSt12__get_helperILm0EPNSt10filesystem7__cxx114path5_List5_ImplEJNS3_13_Impl_deleterEEERT0_RSt11_Tuple_implIXT_EJS7_DpT1_EE
FNDA:0,_ZSt12__get_helperILm0EPNSt10filesystem7__cxx114path5_List5_ImplEJNS3_13_Impl_deleterEEERT0_RSt11_Tuple_implIXT_EJS7_DpT1_EE
FN:1377,_ZSt12__get_helperILm1ESt14default_deleteIN5boost6system6detail12std_categoryEEJEERT0_RSt11_Tuple_implIXT_EJS6_DpT1_EE
FNDA:0,_ZSt12__get_helperILm1ESt14default_deleteIN5boost6system6detail12std_categoryEEJEERT0_RSt11_Tuple_implIXT_EJS6_DpT1_EE
FN:1377,_ZSt12__get_helperILm0EPN5boost6system6detail12std_categoryEJSt14default_deleteIS3_EEERT0_RSt11_Tuple_implIXT_EJS7_DpT1_EE
FNDA:0,_ZSt12__get_helperILm0EPN5boost6system6detail12std_categoryEJSt14default_deleteIS3_EEERT0_RSt11_Tuple_implIXT_EJS7_DpT1_EE
FN:1382,_ZSt12__get_helperILm0EPNSt10filesystem7__cxx114path5_List5_ImplEJNS3_13_Impl_deleterEEERKT0_RKSt11_Tuple_implIXT_EJS7_DpT1_EE
FNDA:168,_ZSt12__get_helperILm0EPNSt10filesystem7__cxx114path5_List5_ImplEJNS3_13_Impl_deleterEEERKT0_RKSt11_Tuple_implIXT_EJS7_DpT1_EE
FN:1382,_ZSt12__get_helperILm0EPN5boost6system6detail12std_categoryEJSt14default_deleteIS3_EEERKT0_RKSt11_Tuple_implIXT_EJS7_DpT1_EE
FNDA:0,_ZSt12__get_helperILm0EPN5boost6system6detail12std_categoryEJSt14default_deleteIS3_EEERKT0_RKSt11_Tuple_implIXT_EJS7_DpT1_EE
FN:1393,_ZSt3getILm0EJPN5boost6system6detail12std_categoryESt14default_deleteIS3_EEERNSt13tuple_elementIXT_ESt5tupleIJDpT0_EEE4typeERSB_
FNDA:0,_ZSt3getILm0EJPN5boost6system6detail12std_categoryESt14default_deleteIS3_EEERNSt13tuple_elementIXT_ESt5tupleIJDpT0_EEE4typeERSB_
FN:1393,_ZSt3getILm1EJPN5boost6system6detail12std_categoryESt14default_deleteIS3_EEERNSt13tuple_elementIXT_ESt5tupleIJDpT0_EEE4typeERSB_
FNDA:0,_ZSt3getILm1EJPN5boost6system6detail12std_categoryESt14default_deleteIS3_EEERNSt13tuple_elementIXT_ESt5tupleIJDpT0_EEE4typeERSB_
FN:1393,_ZSt3getILm1EJPNSt10filesystem7__cxx114path5_List5_ImplENS3_13_Impl_deleterEEERNSt13tuple_elementIXT_ESt5tupleIJDpT0_EEE4typeERSB_
FNDA:0,_ZSt3getILm1EJPNSt10filesystem7__cxx114path5_List5_ImplENS3_13_Impl_deleterEEERNSt13tuple_elementIXT_ESt5tupleIJDpT0_EEE4typeERSB_
FN:1393,_ZSt3getILm0EJPNSt10filesystem7__cxx114path5_List5_ImplENS3_13_Impl_deleterEEERNSt13tuple_elementIXT_ESt5tupleIJDpT0_EEE4typeERSB_
FNDA:0,_ZSt3getILm0EJPNSt10filesystem7__cxx114path5_List5_ImplENS3_13_Impl_deleterEEERNSt13tuple_elementIXT_ESt5tupleIJDpT0_EEE4typeERSB_
FN:1399,_ZSt3getILm0EJPNSt10filesystem7__cxx114path5_List5_ImplENS3_13_Impl_deleterEEERKNSt13tuple_elementIXT_ESt5tupleIJDpT0_EEE4typeERKSB_
FNDA:168,_ZSt3getILm0EJPNSt10filesystem7__cxx114path5_List5_ImplENS3_13_Impl_deleterEEERKNSt13tuple_elementIXT_ESt5tupleIJDpT0_EEE4typeERKSB_
FN:1399,_ZSt3getILm0EJPN5boost6system6detail12std_categoryESt14default_deleteIS3_EEERKNSt13tuple_elementIXT_ESt5tupleIJDpT0_EEE4typeERKSB_
FNDA:0,_ZSt3getILm0EJPN5boost6system6detail12std_categoryESt14default_deleteIS3_EEERKNSt13tuple_elementIXT_ESt5tupleIJDpT0_EEE4typeERKSB_
DA:80,0
DA:81,0
DA:124,0
DA:124,0
DA:189,0
DA:190,0
DA:233,0
DA:233,0
DA:236,0
DA:236,168
DA:268,0
DA:268,0
DA:271,0
DA:271,168
DA:279,0
DA:280,0
DA:301,0
DA:424,0
DA:424,0
DA:430,0
DA:431,0
DA:454,0
DA:457,0
DA:1049,0
DA:1051,0
DA:1090,0
DA:1377,0
DA:1378,0
DA:1377,0
DA:1378,0
DA:1377,0
DA:1378,0
DA:1377,0
DA:1378,0
DA:1382,0
DA:1383,0
DA:1382,168
DA:1383,168
DA:1393,0
DA:1394,0
DA:1393,0
DA:1394,0
DA:1393,0
DA:1394,0
DA:1393,0
DA:1394,0
DA:1399,0
DA:1400,0
DA:1399,168
DA:1400,168
end_of_record
